<?xml version="1.0" encoding="UTF-8"?>
<testsuite name="co.com.ceiba.estacionamiento.integracion.ParqueaderoServiciosTest" tests="11" skipped="0" failures="0" errors="0" timestamp="2018-07-11T12:53:07" hostname="VICTOR-PUYO" time="0.948">
  <properties/>
  <testcase name="ValidarCobroHoraMoto" classname="co.com.ceiba.estacionamiento.integracion.ParqueaderoServiciosTest" time="0.008"/>
  <testcase name="ingresar10Motos" classname="co.com.ceiba.estacionamiento.integracion.ParqueaderoServiciosTest" time="0.152"/>
  <testcase name="ingresar20Carros" classname="co.com.ceiba.estacionamiento.integracion.ParqueaderoServiciosTest" time="0.279"/>
  <testcase name="ingresarCarroCupoMax20" classname="co.com.ceiba.estacionamiento.integracion.ParqueaderoServiciosTest" time="0.004"/>
  <testcase name="ingresarMotoCupoMax10" classname="co.com.ceiba.estacionamiento.integracion.ParqueaderoServiciosTest" time="0.004"/>
  <testcase name="retirar10Motos" classname="co.com.ceiba.estacionamiento.integracion.ParqueaderoServiciosTest" time="0.183"/>
  <testcase name="retirar20Carros" classname="co.com.ceiba.estacionamiento.integracion.ParqueaderoServiciosTest" time="0.297"/>
  <testcase name="validarCobroDiaCarro" classname="co.com.ceiba.estacionamiento.integracion.ParqueaderoServiciosTest" time="0.004"/>
  <testcase name="validarCobroDiaMoto" classname="co.com.ceiba.estacionamiento.integracion.ParqueaderoServiciosTest" time="0.003"/>
  <testcase name="validarCobroHoraCarro" classname="co.com.ceiba.estacionamiento.integracion.ParqueaderoServiciosTest" time="0.004"/>
  <testcase name="validarCobroMotoCilindrajeMayor500CC" classname="co.com.ceiba.estacionamiento.integracion.ParqueaderoServiciosTest" time="0.004"/>
  <system-out><![CDATA[2018-07-11 07:53:06.457  INFO 66088 --- [    Test worker] .b.t.c.SpringBootTestContextBootstrapper : Neither @ContextConfiguration nor @ContextHierarchy found for test class [co.com.ceiba.estacionamiento.integracion.ParqueaderoServiciosTest], using SpringBootContextLoader
2018-07-11 07:53:06.458  INFO 66088 --- [    Test worker] o.s.t.c.support.AbstractContextLoader    : Could not detect default resource locations for test class [co.com.ceiba.estacionamiento.integracion.ParqueaderoServiciosTest]: no resource found for suffixes {-context.xml, Context.groovy}.
2018-07-11 07:53:06.464  INFO 66088 --- [    Test worker] .b.t.c.SpringBootTestContextBootstrapper : Loaded default TestExecutionListener class names from location [META-INF/spring.factories]: [org.springframework.boot.test.autoconfigure.restdocs.RestDocsTestExecutionListener, org.springframework.boot.test.autoconfigure.web.client.MockRestServiceServerResetTestExecutionListener, org.springframework.boot.test.autoconfigure.web.servlet.MockMvcPrintOnlyOnFailureTestExecutionListener, org.springframework.boot.test.autoconfigure.web.servlet.WebDriverTestExecutionListener, org.springframework.boot.test.mock.mockito.MockitoTestExecutionListener, org.springframework.boot.test.mock.mockito.ResetMocksTestExecutionListener, org.springframework.test.context.web.ServletTestExecutionListener, org.springframework.test.context.support.DirtiesContextBeforeModesTestExecutionListener, org.springframework.test.context.support.DependencyInjectionTestExecutionListener, org.springframework.test.context.support.DirtiesContextTestExecutionListener, org.springframework.test.context.transaction.TransactionalTestExecutionListener, org.springframework.test.context.jdbc.SqlScriptsTestExecutionListener]
2018-07-11 07:53:06.464  INFO 66088 --- [    Test worker] .b.t.c.SpringBootTestContextBootstrapper : Using TestExecutionListeners: [org.springframework.test.context.web.ServletTestExecutionListener@2abbac44, org.springframework.test.context.support.DirtiesContextBeforeModesTestExecutionListener@3d72020b, org.springframework.boot.test.mock.mockito.MockitoTestExecutionListener@33f9a31e, org.springframework.boot.test.autoconfigure.SpringBootDependencyInjectionTestExecutionListener@54a3aa12, org.springframework.test.context.support.DirtiesContextTestExecutionListener@230df54e, org.springframework.test.context.transaction.TransactionalTestExecutionListener@ec2c97e, org.springframework.test.context.jdbc.SqlScriptsTestExecutionListener@705d6aeb, org.springframework.boot.test.autoconfigure.restdocs.RestDocsTestExecutionListener@39e7bdc8, org.springframework.boot.test.autoconfigure.web.client.MockRestServiceServerResetTestExecutionListener@750c883f, org.springframework.boot.test.autoconfigure.web.servlet.MockMvcPrintOnlyOnFailureTestExecutionListener@6d1d26d9, org.springframework.boot.test.autoconfigure.web.servlet.WebDriverTestExecutionListener@760c13a3, org.springframework.boot.test.mock.mockito.ResetMocksTestExecutionListener@7281e957]

  .   ____          _            __ _ _
 /\\ / ___'_ __ _ _(_)_ __  __ _ \ \ \ \
( ( )\___ | '_ | '_| | '_ \/ _` | \ \ \ \
 \\/  ___)| |_)| | | | | || (_| |  ) ) ) )
  '  |____| .__|_| |_|_| |_\__, | / / / /
 =========|_|==============|___/=/_/_/_/
 :: Spring Boot ::        (v2.0.3.RELEASE)

2018-07-11 07:53:06.499  INFO 66088 --- [    Test worker] c.c.c.e.i.ParqueaderoServiciosTest       : Starting ParqueaderoServiciosTest on VICTOR-PUYO with PID 66088 (started by victor.puyo in D:\Workspace\estacionamiento)
2018-07-11 07:53:06.499  INFO 66088 --- [    Test worker] c.c.c.e.i.ParqueaderoServiciosTest       : The following profiles are active: test
2018-07-11 07:53:06.502  INFO 66088 --- [    Test worker] o.s.w.c.s.GenericWebApplicationContext   : Refreshing org.springframework.web.context.support.GenericWebApplicationContext@6170e881: startup date [Wed Jul 11 07:53:06 COT 2018]; root of context hierarchy
2018-07-11 07:53:06.824  INFO 66088 --- [    Test worker] trationDelegate$BeanPostProcessorChecker : Bean 'org.springframework.transaction.annotation.ProxyTransactionManagementConfiguration' of type [org.springframework.transaction.annotation.ProxyTransactionManagementConfiguration$$EnhancerBySpringCGLIB$$80ebd0c6] is not eligible for getting processed by all BeanPostProcessors (for example: not eligible for auto-proxying)
2018-07-11 07:53:06.842  INFO 66088 --- [    Test worker] o.s.j.d.DriverManagerDataSource          : Loaded JDBC driver: org.h2.Driver
2018-07-11 07:53:06.875  INFO 66088 --- [    Test worker] j.LocalContainerEntityManagerFactoryBean : Building JPA container EntityManagerFactory for persistence unit 'default'
2018-07-11 07:53:06.875  INFO 66088 --- [    Test worker] o.hibernate.jpa.internal.util.LogHelper  : HHH000204: Processing PersistenceUnitInfo [
	name: default
	...]
2018-07-11 07:53:06.886  INFO 66088 --- [    Test worker] org.hibernate.dialect.Dialect            : HHH000400: Using dialect: org.hibernate.dialect.H2Dialect
2018-07-11 07:53:06.903  INFO 66088 --- [    Test worker] org.hibernate.tuple.PojoInstantiator     : HHH000182: No default (no-argument) constructor for class: co.com.ceiba.estacionamiento.persistencia.entidades.TarifaId (class must be instantiated by Interceptor)
2018-07-11 07:53:06.924  INFO 66088 --- [    Test worker] org.hibernate.tuple.PojoInstantiator     : HHH000182: No default (no-argument) constructor for class: co.com.ceiba.estacionamiento.persistencia.entidades.TarifaId (class must be instantiated by Interceptor)
2018-07-11 07:53:06.936  INFO 66088 --- [    Test worker] org.hibernate.tuple.PojoInstantiator     : HHH000182: No default (no-argument) constructor for class: co.com.ceiba.estacionamiento.persistencia.entidades.TarifaId (class must be instantiated by Interceptor)
2018-07-11 07:53:06.937  INFO 66088 --- [    Test worker] org.hibernate.tuple.PojoInstantiator     : HHH000182: No default (no-argument) constructor for class: co.com.ceiba.estacionamiento.persistencia.entidades.TarifaId (class must be instantiated by Interceptor)
Hibernate: drop table tarifa if exists
Hibernate: drop table ticket_parqueadero if exists
Hibernate: drop table vehiculo if exists
Hibernate: create table tarifa (tipo_tarifa varchar(9) not null, tipo_vehiculo varchar(5) not null, unidad_tiempo varchar(8) not null, valor double, primary key (tipo_tarifa, tipo_vehiculo, unidad_tiempo))
Hibernate: create table ticket_parqueadero (id bigint generated by default as identity, fecha_ingreso timestamp, fecha_salida timestamp, valor double, placa varchar(8), primary key (id))
Hibernate: create table vehiculo (placa varchar(8) not null, cilindraje double, tipo_vehiculo varchar(5), primary key (placa))
Hibernate: alter table ticket_parqueadero add constraint FK9vxxy842pptbl3unxpv0v4mqb foreign key (placa) references vehiculo
2018-07-11 07:53:06.949  INFO 66088 --- [    Test worker] o.h.t.schema.internal.SchemaCreatorImpl  : HHH000476: Executing import script 'org.hibernate.tool.schema.internal.exec.ScriptSourceInputNonExistentImpl@2dab93a6'
2018-07-11 07:53:06.953  INFO 66088 --- [    Test worker] j.LocalContainerEntityManagerFactoryBean : Initialized JPA EntityManagerFactory for persistence unit 'default'
2018-07-11 07:53:06.985  INFO 66088 --- [    Test worker] o.s.jdbc.datasource.init.ScriptUtils     : Executing SQL script from URL [file:/D:/Workspace/estacionamiento/build/resources/test/data.sql]
2018-07-11 07:53:06.988  INFO 66088 --- [    Test worker] o.s.jdbc.datasource.init.ScriptUtils     : Executed SQL script from URL [file:/D:/Workspace/estacionamiento/build/resources/test/data.sql] in 3 ms.
2018-07-11 07:53:07.169  INFO 66088 --- [    Test worker] o.s.w.s.handler.SimpleUrlHandlerMapping  : Mapped URL path [/**/favicon.ico] onto handler of type [class org.springframework.web.servlet.resource.ResourceHttpRequestHandler]
2018-07-11 07:53:07.309  INFO 66088 --- [    Test worker] s.w.s.m.m.a.RequestMappingHandlerAdapter : Looking for @ControllerAdvice: org.springframework.web.context.support.GenericWebApplicationContext@6170e881: startup date [Wed Jul 11 07:53:06 COT 2018]; root of context hierarchy
2018-07-11 07:53:07.315  WARN 66088 --- [    Test worker] aWebConfiguration$JpaWebMvcConfiguration : spring.jpa.open-in-view is enabled by default. Therefore, database queries may be performed during view rendering. Explicitly configure spring.jpa.open-in-view to disable this warning
2018-07-11 07:53:07.334  INFO 66088 --- [    Test worker] s.w.s.m.m.a.RequestMappingHandlerMapping : Mapped "{[/parqueadero/retirarvehiculo],methods=[POST]}" onto public co.com.ceiba.estacionamiento.dominio.dto.TicketParqueaderoDTO co.com.ceiba.estacionamiento.api.ParqueaderoController.retirarvehiculo(java.lang.String)
2018-07-11 07:53:07.335  INFO 66088 --- [    Test worker] s.w.s.m.m.a.RequestMappingHandlerMapping : Mapped "{[/parqueadero/ingresarvehiculo],methods=[POST]}" onto public void co.com.ceiba.estacionamiento.api.ParqueaderoController.registrarIngreso(co.com.ceiba.estacionamiento.dominio.dto.VehiculoDTO)
2018-07-11 07:53:07.336  INFO 66088 --- [    Test worker] s.w.s.m.m.a.RequestMappingHandlerMapping : Mapped "{[/parqueadero/listadovehiculos],methods=[GET]}" onto public java.util.Map<java.lang.String, java.lang.Object> co.com.ceiba.estacionamiento.api.ParqueaderoController.listarTodosLosTicketsParqueadero(int,int,java.lang.String,java.lang.String)
2018-07-11 07:53:07.338  INFO 66088 --- [    Test worker] s.w.s.m.m.a.RequestMappingHandlerMapping : Mapped "{[/error]}" onto public org.springframework.http.ResponseEntity<java.util.Map<java.lang.String, java.lang.Object>> org.springframework.boot.autoconfigure.web.servlet.error.BasicErrorController.error(javax.servlet.http.HttpServletRequest)
2018-07-11 07:53:07.339  INFO 66088 --- [    Test worker] s.w.s.m.m.a.RequestMappingHandlerMapping : Mapped "{[/error],produces=[text/html]}" onto public org.springframework.web.servlet.ModelAndView org.springframework.boot.autoconfigure.web.servlet.error.BasicErrorController.errorHtml(javax.servlet.http.HttpServletRequest,javax.servlet.http.HttpServletResponse)
2018-07-11 07:53:07.357  INFO 66088 --- [    Test worker] o.s.w.s.handler.SimpleUrlHandlerMapping  : Mapped URL path [/webjars/**] onto handler of type [class org.springframework.web.servlet.resource.ResourceHttpRequestHandler]
2018-07-11 07:53:07.357  INFO 66088 --- [    Test worker] o.s.w.s.handler.SimpleUrlHandlerMapping  : Mapped URL path [/**] onto handler of type [class org.springframework.web.servlet.resource.ResourceHttpRequestHandler]
2018-07-11 07:53:07.368  INFO 66088 --- [    Test worker] .m.m.a.ExceptionHandlerExceptionResolver : Detected @ExceptionHandler methods in restExceptionHandler
2018-07-11 07:53:07.385  INFO 66088 --- [    Test worker] o.s.b.a.w.s.WelcomePageHandlerMapping    : Adding welcome page: class path resource [static/index.html]
2018-07-11 07:53:07.543  INFO 66088 --- [    Test worker] c.c.c.e.i.ParqueaderoServiciosTest       : Started ParqueaderoServiciosTest in 1.076 seconds (JVM running for 9.719)
Hibernate: select tarifaenti0_.tipo_tarifa as tipo_tar1_0_0_, tarifaenti0_.tipo_vehiculo as tipo_veh2_0_0_, tarifaenti0_.unidad_tiempo as unidad_t3_0_0_, tarifaenti0_.valor as valor4_0_0_ from tarifa tarifaenti0_ where tarifaenti0_.tipo_tarifa=? and tarifaenti0_.tipo_vehiculo=? and tarifaenti0_.unidad_tiempo=?
Hibernate: SELECT COUNT(*) FROM ticket_parqueadero t JOIN vehiculo v ON t.placa=v.placa WHERE v.tipo_vehiculo=? AND t.fecha_salida IS NULL
Hibernate: SELECT COUNT(*) FROM ticket_parqueadero t  WHERE t.placa=? AND t.fecha_salida IS NULL
Hibernate: select vehiculoen0_.placa as placa1_2_0_, vehiculoen0_.cilindraje as cilindra2_2_0_, vehiculoen0_.tipo_vehiculo as tipo_veh3_2_0_ from vehiculo vehiculoen0_ where vehiculoen0_.placa=?
Hibernate: select vehiculoen0_.placa as placa1_2_1_, vehiculoen0_.cilindraje as cilindra2_2_1_, vehiculoen0_.tipo_vehiculo as tipo_veh3_2_1_, ticketparq1_.placa as placa5_1_3_, ticketparq1_.id as id1_1_3_, ticketparq1_.id as id1_1_0_, ticketparq1_.fecha_ingreso as fecha_in2_1_0_, ticketparq1_.fecha_salida as fecha_sa3_1_0_, ticketparq1_.valor as valor4_1_0_, ticketparq1_.placa as placa5_1_0_ from vehiculo vehiculoen0_ left outer join ticket_parqueadero ticketparq1_ on vehiculoen0_.placa=ticketparq1_.placa where vehiculoen0_.placa=?
Hibernate: insert into vehiculo (cilindraje, tipo_vehiculo, placa) values (?, ?, ?)
Hibernate: select vehiculoen_.placa, vehiculoen_.cilindraje as cilindra2_2_, vehiculoen_.tipo_vehiculo as tipo_veh3_2_ from vehiculo vehiculoen_ where vehiculoen_.placa=?
Hibernate: insert into ticket_parqueadero (id, fecha_ingreso, fecha_salida, valor, placa) values (null, ?, ?, ?, ?)
Hibernate: SELECT COUNT(*) FROM ticket_parqueadero t JOIN vehiculo v ON t.placa=v.placa WHERE v.tipo_vehiculo=? AND t.fecha_salida IS NULL
Hibernate: SELECT COUNT(*) FROM ticket_parqueadero t  WHERE t.placa=? AND t.fecha_salida IS NULL
Hibernate: select vehiculoen0_.placa as placa1_2_0_, vehiculoen0_.cilindraje as cilindra2_2_0_, vehiculoen0_.tipo_vehiculo as tipo_veh3_2_0_ from vehiculo vehiculoen0_ where vehiculoen0_.placa=?
Hibernate: select vehiculoen0_.placa as placa1_2_1_, vehiculoen0_.cilindraje as cilindra2_2_1_, vehiculoen0_.tipo_vehiculo as tipo_veh3_2_1_, ticketparq1_.placa as placa5_1_3_, ticketparq1_.id as id1_1_3_, ticketparq1_.id as id1_1_0_, ticketparq1_.fecha_ingreso as fecha_in2_1_0_, ticketparq1_.fecha_salida as fecha_sa3_1_0_, ticketparq1_.valor as valor4_1_0_, ticketparq1_.placa as placa5_1_0_ from vehiculo vehiculoen0_ left outer join ticket_parqueadero ticketparq1_ on vehiculoen0_.placa=ticketparq1_.placa where vehiculoen0_.placa=?
Hibernate: insert into vehiculo (cilindraje, tipo_vehiculo, placa) values (?, ?, ?)
Hibernate: select vehiculoen_.placa, vehiculoen_.cilindraje as cilindra2_2_, vehiculoen_.tipo_vehiculo as tipo_veh3_2_ from vehiculo vehiculoen_ where vehiculoen_.placa=?
Hibernate: insert into ticket_parqueadero (id, fecha_ingreso, fecha_salida, valor, placa) values (null, ?, ?, ?, ?)
Hibernate: SELECT COUNT(*) FROM ticket_parqueadero t JOIN vehiculo v ON t.placa=v.placa WHERE v.tipo_vehiculo=? AND t.fecha_salida IS NULL
Hibernate: SELECT COUNT(*) FROM ticket_parqueadero t  WHERE t.placa=? AND t.fecha_salida IS NULL
Hibernate: select vehiculoen0_.placa as placa1_2_0_, vehiculoen0_.cilindraje as cilindra2_2_0_, vehiculoen0_.tipo_vehiculo as tipo_veh3_2_0_ from vehiculo vehiculoen0_ where vehiculoen0_.placa=?
Hibernate: select vehiculoen0_.placa as placa1_2_1_, vehiculoen0_.cilindraje as cilindra2_2_1_, vehiculoen0_.tipo_vehiculo as tipo_veh3_2_1_, ticketparq1_.placa as placa5_1_3_, ticketparq1_.id as id1_1_3_, ticketparq1_.id as id1_1_0_, ticketparq1_.fecha_ingreso as fecha_in2_1_0_, ticketparq1_.fecha_salida as fecha_sa3_1_0_, ticketparq1_.valor as valor4_1_0_, ticketparq1_.placa as placa5_1_0_ from vehiculo vehiculoen0_ left outer join ticket_parqueadero ticketparq1_ on vehiculoen0_.placa=ticketparq1_.placa where vehiculoen0_.placa=?
Hibernate: insert into vehiculo (cilindraje, tipo_vehiculo, placa) values (?, ?, ?)
Hibernate: select vehiculoen_.placa, vehiculoen_.cilindraje as cilindra2_2_, vehiculoen_.tipo_vehiculo as tipo_veh3_2_ from vehiculo vehiculoen_ where vehiculoen_.placa=?
Hibernate: insert into ticket_parqueadero (id, fecha_ingreso, fecha_salida, valor, placa) values (null, ?, ?, ?, ?)
Hibernate: SELECT COUNT(*) FROM ticket_parqueadero t JOIN vehiculo v ON t.placa=v.placa WHERE v.tipo_vehiculo=? AND t.fecha_salida IS NULL
Hibernate: SELECT COUNT(*) FROM ticket_parqueadero t  WHERE t.placa=? AND t.fecha_salida IS NULL
Hibernate: select vehiculoen0_.placa as placa1_2_0_, vehiculoen0_.cilindraje as cilindra2_2_0_, vehiculoen0_.tipo_vehiculo as tipo_veh3_2_0_ from vehiculo vehiculoen0_ where vehiculoen0_.placa=?
Hibernate: select vehiculoen0_.placa as placa1_2_1_, vehiculoen0_.cilindraje as cilindra2_2_1_, vehiculoen0_.tipo_vehiculo as tipo_veh3_2_1_, ticketparq1_.placa as placa5_1_3_, ticketparq1_.id as id1_1_3_, ticketparq1_.id as id1_1_0_, ticketparq1_.fecha_ingreso as fecha_in2_1_0_, ticketparq1_.fecha_salida as fecha_sa3_1_0_, ticketparq1_.valor as valor4_1_0_, ticketparq1_.placa as placa5_1_0_ from vehiculo vehiculoen0_ left outer join ticket_parqueadero ticketparq1_ on vehiculoen0_.placa=ticketparq1_.placa where vehiculoen0_.placa=?
Hibernate: insert into vehiculo (cilindraje, tipo_vehiculo, placa) values (?, ?, ?)
Hibernate: select vehiculoen_.placa, vehiculoen_.cilindraje as cilindra2_2_, vehiculoen_.tipo_vehiculo as tipo_veh3_2_ from vehiculo vehiculoen_ where vehiculoen_.placa=?
Hibernate: insert into ticket_parqueadero (id, fecha_ingreso, fecha_salida, valor, placa) values (null, ?, ?, ?, ?)
Hibernate: SELECT COUNT(*) FROM ticket_parqueadero t JOIN vehiculo v ON t.placa=v.placa WHERE v.tipo_vehiculo=? AND t.fecha_salida IS NULL
Hibernate: SELECT COUNT(*) FROM ticket_parqueadero t  WHERE t.placa=? AND t.fecha_salida IS NULL
Hibernate: select vehiculoen0_.placa as placa1_2_0_, vehiculoen0_.cilindraje as cilindra2_2_0_, vehiculoen0_.tipo_vehiculo as tipo_veh3_2_0_ from vehiculo vehiculoen0_ where vehiculoen0_.placa=?
Hibernate: select vehiculoen0_.placa as placa1_2_1_, vehiculoen0_.cilindraje as cilindra2_2_1_, vehiculoen0_.tipo_vehiculo as tipo_veh3_2_1_, ticketparq1_.placa as placa5_1_3_, ticketparq1_.id as id1_1_3_, ticketparq1_.id as id1_1_0_, ticketparq1_.fecha_ingreso as fecha_in2_1_0_, ticketparq1_.fecha_salida as fecha_sa3_1_0_, ticketparq1_.valor as valor4_1_0_, ticketparq1_.placa as placa5_1_0_ from vehiculo vehiculoen0_ left outer join ticket_parqueadero ticketparq1_ on vehiculoen0_.placa=ticketparq1_.placa where vehiculoen0_.placa=?
Hibernate: insert into vehiculo (cilindraje, tipo_vehiculo, placa) values (?, ?, ?)
Hibernate: select vehiculoen_.placa, vehiculoen_.cilindraje as cilindra2_2_, vehiculoen_.tipo_vehiculo as tipo_veh3_2_ from vehiculo vehiculoen_ where vehiculoen_.placa=?
Hibernate: insert into ticket_parqueadero (id, fecha_ingreso, fecha_salida, valor, placa) values (null, ?, ?, ?, ?)
Hibernate: SELECT COUNT(*) FROM ticket_parqueadero t JOIN vehiculo v ON t.placa=v.placa WHERE v.tipo_vehiculo=? AND t.fecha_salida IS NULL
Hibernate: SELECT COUNT(*) FROM ticket_parqueadero t  WHERE t.placa=? AND t.fecha_salida IS NULL
Hibernate: select vehiculoen0_.placa as placa1_2_0_, vehiculoen0_.cilindraje as cilindra2_2_0_, vehiculoen0_.tipo_vehiculo as tipo_veh3_2_0_ from vehiculo vehiculoen0_ where vehiculoen0_.placa=?
Hibernate: select vehiculoen0_.placa as placa1_2_1_, vehiculoen0_.cilindraje as cilindra2_2_1_, vehiculoen0_.tipo_vehiculo as tipo_veh3_2_1_, ticketparq1_.placa as placa5_1_3_, ticketparq1_.id as id1_1_3_, ticketparq1_.id as id1_1_0_, ticketparq1_.fecha_ingreso as fecha_in2_1_0_, ticketparq1_.fecha_salida as fecha_sa3_1_0_, ticketparq1_.valor as valor4_1_0_, ticketparq1_.placa as placa5_1_0_ from vehiculo vehiculoen0_ left outer join ticket_parqueadero ticketparq1_ on vehiculoen0_.placa=ticketparq1_.placa where vehiculoen0_.placa=?
Hibernate: insert into vehiculo (cilindraje, tipo_vehiculo, placa) values (?, ?, ?)
Hibernate: select vehiculoen_.placa, vehiculoen_.cilindraje as cilindra2_2_, vehiculoen_.tipo_vehiculo as tipo_veh3_2_ from vehiculo vehiculoen_ where vehiculoen_.placa=?
Hibernate: insert into ticket_parqueadero (id, fecha_ingreso, fecha_salida, valor, placa) values (null, ?, ?, ?, ?)
Hibernate: SELECT COUNT(*) FROM ticket_parqueadero t JOIN vehiculo v ON t.placa=v.placa WHERE v.tipo_vehiculo=? AND t.fecha_salida IS NULL
Hibernate: SELECT COUNT(*) FROM ticket_parqueadero t  WHERE t.placa=? AND t.fecha_salida IS NULL
Hibernate: select vehiculoen0_.placa as placa1_2_0_, vehiculoen0_.cilindraje as cilindra2_2_0_, vehiculoen0_.tipo_vehiculo as tipo_veh3_2_0_ from vehiculo vehiculoen0_ where vehiculoen0_.placa=?
Hibernate: select vehiculoen0_.placa as placa1_2_1_, vehiculoen0_.cilindraje as cilindra2_2_1_, vehiculoen0_.tipo_vehiculo as tipo_veh3_2_1_, ticketparq1_.placa as placa5_1_3_, ticketparq1_.id as id1_1_3_, ticketparq1_.id as id1_1_0_, ticketparq1_.fecha_ingreso as fecha_in2_1_0_, ticketparq1_.fecha_salida as fecha_sa3_1_0_, ticketparq1_.valor as valor4_1_0_, ticketparq1_.placa as placa5_1_0_ from vehiculo vehiculoen0_ left outer join ticket_parqueadero ticketparq1_ on vehiculoen0_.placa=ticketparq1_.placa where vehiculoen0_.placa=?
Hibernate: insert into vehiculo (cilindraje, tipo_vehiculo, placa) values (?, ?, ?)
Hibernate: select vehiculoen_.placa, vehiculoen_.cilindraje as cilindra2_2_, vehiculoen_.tipo_vehiculo as tipo_veh3_2_ from vehiculo vehiculoen_ where vehiculoen_.placa=?
Hibernate: insert into ticket_parqueadero (id, fecha_ingreso, fecha_salida, valor, placa) values (null, ?, ?, ?, ?)
Hibernate: SELECT COUNT(*) FROM ticket_parqueadero t JOIN vehiculo v ON t.placa=v.placa WHERE v.tipo_vehiculo=? AND t.fecha_salida IS NULL
Hibernate: SELECT COUNT(*) FROM ticket_parqueadero t  WHERE t.placa=? AND t.fecha_salida IS NULL
Hibernate: select vehiculoen0_.placa as placa1_2_0_, vehiculoen0_.cilindraje as cilindra2_2_0_, vehiculoen0_.tipo_vehiculo as tipo_veh3_2_0_ from vehiculo vehiculoen0_ where vehiculoen0_.placa=?
Hibernate: select vehiculoen0_.placa as placa1_2_1_, vehiculoen0_.cilindraje as cilindra2_2_1_, vehiculoen0_.tipo_vehiculo as tipo_veh3_2_1_, ticketparq1_.placa as placa5_1_3_, ticketparq1_.id as id1_1_3_, ticketparq1_.id as id1_1_0_, ticketparq1_.fecha_ingreso as fecha_in2_1_0_, ticketparq1_.fecha_salida as fecha_sa3_1_0_, ticketparq1_.valor as valor4_1_0_, ticketparq1_.placa as placa5_1_0_ from vehiculo vehiculoen0_ left outer join ticket_parqueadero ticketparq1_ on vehiculoen0_.placa=ticketparq1_.placa where vehiculoen0_.placa=?
Hibernate: insert into vehiculo (cilindraje, tipo_vehiculo, placa) values (?, ?, ?)
Hibernate: select vehiculoen_.placa, vehiculoen_.cilindraje as cilindra2_2_, vehiculoen_.tipo_vehiculo as tipo_veh3_2_ from vehiculo vehiculoen_ where vehiculoen_.placa=?
Hibernate: insert into ticket_parqueadero (id, fecha_ingreso, fecha_salida, valor, placa) values (null, ?, ?, ?, ?)
Hibernate: SELECT COUNT(*) FROM ticket_parqueadero t JOIN vehiculo v ON t.placa=v.placa WHERE v.tipo_vehiculo=? AND t.fecha_salida IS NULL
Hibernate: SELECT COUNT(*) FROM ticket_parqueadero t  WHERE t.placa=? AND t.fecha_salida IS NULL
Hibernate: select vehiculoen0_.placa as placa1_2_0_, vehiculoen0_.cilindraje as cilindra2_2_0_, vehiculoen0_.tipo_vehiculo as tipo_veh3_2_0_ from vehiculo vehiculoen0_ where vehiculoen0_.placa=?
Hibernate: select vehiculoen0_.placa as placa1_2_1_, vehiculoen0_.cilindraje as cilindra2_2_1_, vehiculoen0_.tipo_vehiculo as tipo_veh3_2_1_, ticketparq1_.placa as placa5_1_3_, ticketparq1_.id as id1_1_3_, ticketparq1_.id as id1_1_0_, ticketparq1_.fecha_ingreso as fecha_in2_1_0_, ticketparq1_.fecha_salida as fecha_sa3_1_0_, ticketparq1_.valor as valor4_1_0_, ticketparq1_.placa as placa5_1_0_ from vehiculo vehiculoen0_ left outer join ticket_parqueadero ticketparq1_ on vehiculoen0_.placa=ticketparq1_.placa where vehiculoen0_.placa=?
Hibernate: insert into vehiculo (cilindraje, tipo_vehiculo, placa) values (?, ?, ?)
Hibernate: select vehiculoen_.placa, vehiculoen_.cilindraje as cilindra2_2_, vehiculoen_.tipo_vehiculo as tipo_veh3_2_ from vehiculo vehiculoen_ where vehiculoen_.placa=?
Hibernate: insert into ticket_parqueadero (id, fecha_ingreso, fecha_salida, valor, placa) values (null, ?, ?, ?, ?)
Hibernate: SELECT COUNT(*) FROM ticket_parqueadero t JOIN vehiculo v ON t.placa=v.placa WHERE v.tipo_vehiculo=? AND t.fecha_salida IS NULL
Hibernate: SELECT COUNT(*) FROM ticket_parqueadero t  WHERE t.placa=? AND t.fecha_salida IS NULL
Hibernate: select vehiculoen0_.placa as placa1_2_0_, vehiculoen0_.cilindraje as cilindra2_2_0_, vehiculoen0_.tipo_vehiculo as tipo_veh3_2_0_ from vehiculo vehiculoen0_ where vehiculoen0_.placa=?
Hibernate: select vehiculoen0_.placa as placa1_2_1_, vehiculoen0_.cilindraje as cilindra2_2_1_, vehiculoen0_.tipo_vehiculo as tipo_veh3_2_1_, ticketparq1_.placa as placa5_1_3_, ticketparq1_.id as id1_1_3_, ticketparq1_.id as id1_1_0_, ticketparq1_.fecha_ingreso as fecha_in2_1_0_, ticketparq1_.fecha_salida as fecha_sa3_1_0_, ticketparq1_.valor as valor4_1_0_, ticketparq1_.placa as placa5_1_0_ from vehiculo vehiculoen0_ left outer join ticket_parqueadero ticketparq1_ on vehiculoen0_.placa=ticketparq1_.placa where vehiculoen0_.placa=?
Hibernate: insert into vehiculo (cilindraje, tipo_vehiculo, placa) values (?, ?, ?)
Hibernate: select vehiculoen_.placa, vehiculoen_.cilindraje as cilindra2_2_, vehiculoen_.tipo_vehiculo as tipo_veh3_2_ from vehiculo vehiculoen_ where vehiculoen_.placa=?
Hibernate: insert into ticket_parqueadero (id, fecha_ingreso, fecha_salida, valor, placa) values (null, ?, ?, ?, ?)
Hibernate: SELECT COUNT(*) FROM ticket_parqueadero t JOIN vehiculo v ON t.placa=v.placa WHERE v.tipo_vehiculo=? AND t.fecha_salida IS NULL
Hibernate: SELECT COUNT(*) FROM ticket_parqueadero t JOIN vehiculo v ON t.placa=v.placa WHERE v.tipo_vehiculo=? AND t.fecha_salida IS NULL
Hibernate: SELECT COUNT(*) FROM ticket_parqueadero t  WHERE t.placa=? AND t.fecha_salida IS NULL
Hibernate: select vehiculoen0_.placa as placa1_2_0_, vehiculoen0_.cilindraje as cilindra2_2_0_, vehiculoen0_.tipo_vehiculo as tipo_veh3_2_0_ from vehiculo vehiculoen0_ where vehiculoen0_.placa=?
Hibernate: select vehiculoen0_.placa as placa1_2_1_, vehiculoen0_.cilindraje as cilindra2_2_1_, vehiculoen0_.tipo_vehiculo as tipo_veh3_2_1_, ticketparq1_.placa as placa5_1_3_, ticketparq1_.id as id1_1_3_, ticketparq1_.id as id1_1_0_, ticketparq1_.fecha_ingreso as fecha_in2_1_0_, ticketparq1_.fecha_salida as fecha_sa3_1_0_, ticketparq1_.valor as valor4_1_0_, ticketparq1_.placa as placa5_1_0_ from vehiculo vehiculoen0_ left outer join ticket_parqueadero ticketparq1_ on vehiculoen0_.placa=ticketparq1_.placa where vehiculoen0_.placa=?
Hibernate: insert into vehiculo (cilindraje, tipo_vehiculo, placa) values (?, ?, ?)
Hibernate: select vehiculoen_.placa, vehiculoen_.cilindraje as cilindra2_2_, vehiculoen_.tipo_vehiculo as tipo_veh3_2_ from vehiculo vehiculoen_ where vehiculoen_.placa=?
Hibernate: insert into ticket_parqueadero (id, fecha_ingreso, fecha_salida, valor, placa) values (null, ?, ?, ?, ?)
Hibernate: SELECT COUNT(*) FROM ticket_parqueadero t JOIN vehiculo v ON t.placa=v.placa WHERE v.tipo_vehiculo=? AND t.fecha_salida IS NULL
Hibernate: SELECT COUNT(*) FROM ticket_parqueadero t  WHERE t.placa=? AND t.fecha_salida IS NULL
Hibernate: select vehiculoen0_.placa as placa1_2_0_, vehiculoen0_.cilindraje as cilindra2_2_0_, vehiculoen0_.tipo_vehiculo as tipo_veh3_2_0_ from vehiculo vehiculoen0_ where vehiculoen0_.placa=?
Hibernate: select vehiculoen0_.placa as placa1_2_1_, vehiculoen0_.cilindraje as cilindra2_2_1_, vehiculoen0_.tipo_vehiculo as tipo_veh3_2_1_, ticketparq1_.placa as placa5_1_3_, ticketparq1_.id as id1_1_3_, ticketparq1_.id as id1_1_0_, ticketparq1_.fecha_ingreso as fecha_in2_1_0_, ticketparq1_.fecha_salida as fecha_sa3_1_0_, ticketparq1_.valor as valor4_1_0_, ticketparq1_.placa as placa5_1_0_ from vehiculo vehiculoen0_ left outer join ticket_parqueadero ticketparq1_ on vehiculoen0_.placa=ticketparq1_.placa where vehiculoen0_.placa=?
Hibernate: insert into vehiculo (cilindraje, tipo_vehiculo, placa) values (?, ?, ?)
Hibernate: select vehiculoen_.placa, vehiculoen_.cilindraje as cilindra2_2_, vehiculoen_.tipo_vehiculo as tipo_veh3_2_ from vehiculo vehiculoen_ where vehiculoen_.placa=?
Hibernate: insert into ticket_parqueadero (id, fecha_ingreso, fecha_salida, valor, placa) values (null, ?, ?, ?, ?)
Hibernate: SELECT COUNT(*) FROM ticket_parqueadero t JOIN vehiculo v ON t.placa=v.placa WHERE v.tipo_vehiculo=? AND t.fecha_salida IS NULL
Hibernate: SELECT COUNT(*) FROM ticket_parqueadero t  WHERE t.placa=? AND t.fecha_salida IS NULL
Hibernate: select vehiculoen0_.placa as placa1_2_0_, vehiculoen0_.cilindraje as cilindra2_2_0_, vehiculoen0_.tipo_vehiculo as tipo_veh3_2_0_ from vehiculo vehiculoen0_ where vehiculoen0_.placa=?
Hibernate: select vehiculoen0_.placa as placa1_2_1_, vehiculoen0_.cilindraje as cilindra2_2_1_, vehiculoen0_.tipo_vehiculo as tipo_veh3_2_1_, ticketparq1_.placa as placa5_1_3_, ticketparq1_.id as id1_1_3_, ticketparq1_.id as id1_1_0_, ticketparq1_.fecha_ingreso as fecha_in2_1_0_, ticketparq1_.fecha_salida as fecha_sa3_1_0_, ticketparq1_.valor as valor4_1_0_, ticketparq1_.placa as placa5_1_0_ from vehiculo vehiculoen0_ left outer join ticket_parqueadero ticketparq1_ on vehiculoen0_.placa=ticketparq1_.placa where vehiculoen0_.placa=?
Hibernate: insert into vehiculo (cilindraje, tipo_vehiculo, placa) values (?, ?, ?)
Hibernate: select vehiculoen_.placa, vehiculoen_.cilindraje as cilindra2_2_, vehiculoen_.tipo_vehiculo as tipo_veh3_2_ from vehiculo vehiculoen_ where vehiculoen_.placa=?
Hibernate: insert into ticket_parqueadero (id, fecha_ingreso, fecha_salida, valor, placa) values (null, ?, ?, ?, ?)
Hibernate: SELECT COUNT(*) FROM ticket_parqueadero t JOIN vehiculo v ON t.placa=v.placa WHERE v.tipo_vehiculo=? AND t.fecha_salida IS NULL
Hibernate: SELECT COUNT(*) FROM ticket_parqueadero t  WHERE t.placa=? AND t.fecha_salida IS NULL
Hibernate: select vehiculoen0_.placa as placa1_2_0_, vehiculoen0_.cilindraje as cilindra2_2_0_, vehiculoen0_.tipo_vehiculo as tipo_veh3_2_0_ from vehiculo vehiculoen0_ where vehiculoen0_.placa=?
Hibernate: select vehiculoen0_.placa as placa1_2_1_, vehiculoen0_.cilindraje as cilindra2_2_1_, vehiculoen0_.tipo_vehiculo as tipo_veh3_2_1_, ticketparq1_.placa as placa5_1_3_, ticketparq1_.id as id1_1_3_, ticketparq1_.id as id1_1_0_, ticketparq1_.fecha_ingreso as fecha_in2_1_0_, ticketparq1_.fecha_salida as fecha_sa3_1_0_, ticketparq1_.valor as valor4_1_0_, ticketparq1_.placa as placa5_1_0_ from vehiculo vehiculoen0_ left outer join ticket_parqueadero ticketparq1_ on vehiculoen0_.placa=ticketparq1_.placa where vehiculoen0_.placa=?
Hibernate: insert into vehiculo (cilindraje, tipo_vehiculo, placa) values (?, ?, ?)
Hibernate: select vehiculoen_.placa, vehiculoen_.cilindraje as cilindra2_2_, vehiculoen_.tipo_vehiculo as tipo_veh3_2_ from vehiculo vehiculoen_ where vehiculoen_.placa=?
Hibernate: insert into ticket_parqueadero (id, fecha_ingreso, fecha_salida, valor, placa) values (null, ?, ?, ?, ?)
Hibernate: SELECT COUNT(*) FROM ticket_parqueadero t JOIN vehiculo v ON t.placa=v.placa WHERE v.tipo_vehiculo=? AND t.fecha_salida IS NULL
Hibernate: SELECT COUNT(*) FROM ticket_parqueadero t  WHERE t.placa=? AND t.fecha_salida IS NULL
Hibernate: select vehiculoen0_.placa as placa1_2_0_, vehiculoen0_.cilindraje as cilindra2_2_0_, vehiculoen0_.tipo_vehiculo as tipo_veh3_2_0_ from vehiculo vehiculoen0_ where vehiculoen0_.placa=?
Hibernate: select vehiculoen0_.placa as placa1_2_1_, vehiculoen0_.cilindraje as cilindra2_2_1_, vehiculoen0_.tipo_vehiculo as tipo_veh3_2_1_, ticketparq1_.placa as placa5_1_3_, ticketparq1_.id as id1_1_3_, ticketparq1_.id as id1_1_0_, ticketparq1_.fecha_ingreso as fecha_in2_1_0_, ticketparq1_.fecha_salida as fecha_sa3_1_0_, ticketparq1_.valor as valor4_1_0_, ticketparq1_.placa as placa5_1_0_ from vehiculo vehiculoen0_ left outer join ticket_parqueadero ticketparq1_ on vehiculoen0_.placa=ticketparq1_.placa where vehiculoen0_.placa=?
Hibernate: insert into vehiculo (cilindraje, tipo_vehiculo, placa) values (?, ?, ?)
Hibernate: select vehiculoen_.placa, vehiculoen_.cilindraje as cilindra2_2_, vehiculoen_.tipo_vehiculo as tipo_veh3_2_ from vehiculo vehiculoen_ where vehiculoen_.placa=?
Hibernate: insert into ticket_parqueadero (id, fecha_ingreso, fecha_salida, valor, placa) values (null, ?, ?, ?, ?)
Hibernate: SELECT COUNT(*) FROM ticket_parqueadero t JOIN vehiculo v ON t.placa=v.placa WHERE v.tipo_vehiculo=? AND t.fecha_salida IS NULL
Hibernate: SELECT COUNT(*) FROM ticket_parqueadero t  WHERE t.placa=? AND t.fecha_salida IS NULL
Hibernate: select vehiculoen0_.placa as placa1_2_0_, vehiculoen0_.cilindraje as cilindra2_2_0_, vehiculoen0_.tipo_vehiculo as tipo_veh3_2_0_ from vehiculo vehiculoen0_ where vehiculoen0_.placa=?
Hibernate: select vehiculoen0_.placa as placa1_2_1_, vehiculoen0_.cilindraje as cilindra2_2_1_, vehiculoen0_.tipo_vehiculo as tipo_veh3_2_1_, ticketparq1_.placa as placa5_1_3_, ticketparq1_.id as id1_1_3_, ticketparq1_.id as id1_1_0_, ticketparq1_.fecha_ingreso as fecha_in2_1_0_, ticketparq1_.fecha_salida as fecha_sa3_1_0_, ticketparq1_.valor as valor4_1_0_, ticketparq1_.placa as placa5_1_0_ from vehiculo vehiculoen0_ left outer join ticket_parqueadero ticketparq1_ on vehiculoen0_.placa=ticketparq1_.placa where vehiculoen0_.placa=?
Hibernate: insert into vehiculo (cilindraje, tipo_vehiculo, placa) values (?, ?, ?)
Hibernate: select vehiculoen_.placa, vehiculoen_.cilindraje as cilindra2_2_, vehiculoen_.tipo_vehiculo as tipo_veh3_2_ from vehiculo vehiculoen_ where vehiculoen_.placa=?
Hibernate: insert into ticket_parqueadero (id, fecha_ingreso, fecha_salida, valor, placa) values (null, ?, ?, ?, ?)
Hibernate: SELECT COUNT(*) FROM ticket_parqueadero t JOIN vehiculo v ON t.placa=v.placa WHERE v.tipo_vehiculo=? AND t.fecha_salida IS NULL
Hibernate: SELECT COUNT(*) FROM ticket_parqueadero t  WHERE t.placa=? AND t.fecha_salida IS NULL
Hibernate: select vehiculoen0_.placa as placa1_2_0_, vehiculoen0_.cilindraje as cilindra2_2_0_, vehiculoen0_.tipo_vehiculo as tipo_veh3_2_0_ from vehiculo vehiculoen0_ where vehiculoen0_.placa=?
Hibernate: select vehiculoen0_.placa as placa1_2_1_, vehiculoen0_.cilindraje as cilindra2_2_1_, vehiculoen0_.tipo_vehiculo as tipo_veh3_2_1_, ticketparq1_.placa as placa5_1_3_, ticketparq1_.id as id1_1_3_, ticketparq1_.id as id1_1_0_, ticketparq1_.fecha_ingreso as fecha_in2_1_0_, ticketparq1_.fecha_salida as fecha_sa3_1_0_, ticketparq1_.valor as valor4_1_0_, ticketparq1_.placa as placa5_1_0_ from vehiculo vehiculoen0_ left outer join ticket_parqueadero ticketparq1_ on vehiculoen0_.placa=ticketparq1_.placa where vehiculoen0_.placa=?
Hibernate: insert into vehiculo (cilindraje, tipo_vehiculo, placa) values (?, ?, ?)
Hibernate: select vehiculoen_.placa, vehiculoen_.cilindraje as cilindra2_2_, vehiculoen_.tipo_vehiculo as tipo_veh3_2_ from vehiculo vehiculoen_ where vehiculoen_.placa=?
Hibernate: insert into ticket_parqueadero (id, fecha_ingreso, fecha_salida, valor, placa) values (null, ?, ?, ?, ?)
Hibernate: SELECT COUNT(*) FROM ticket_parqueadero t JOIN vehiculo v ON t.placa=v.placa WHERE v.tipo_vehiculo=? AND t.fecha_salida IS NULL
Hibernate: SELECT COUNT(*) FROM ticket_parqueadero t  WHERE t.placa=? AND t.fecha_salida IS NULL
Hibernate: select vehiculoen0_.placa as placa1_2_0_, vehiculoen0_.cilindraje as cilindra2_2_0_, vehiculoen0_.tipo_vehiculo as tipo_veh3_2_0_ from vehiculo vehiculoen0_ where vehiculoen0_.placa=?
Hibernate: select vehiculoen0_.placa as placa1_2_1_, vehiculoen0_.cilindraje as cilindra2_2_1_, vehiculoen0_.tipo_vehiculo as tipo_veh3_2_1_, ticketparq1_.placa as placa5_1_3_, ticketparq1_.id as id1_1_3_, ticketparq1_.id as id1_1_0_, ticketparq1_.fecha_ingreso as fecha_in2_1_0_, ticketparq1_.fecha_salida as fecha_sa3_1_0_, ticketparq1_.valor as valor4_1_0_, ticketparq1_.placa as placa5_1_0_ from vehiculo vehiculoen0_ left outer join ticket_parqueadero ticketparq1_ on vehiculoen0_.placa=ticketparq1_.placa where vehiculoen0_.placa=?
Hibernate: insert into vehiculo (cilindraje, tipo_vehiculo, placa) values (?, ?, ?)
Hibernate: select vehiculoen_.placa, vehiculoen_.cilindraje as cilindra2_2_, vehiculoen_.tipo_vehiculo as tipo_veh3_2_ from vehiculo vehiculoen_ where vehiculoen_.placa=?
Hibernate: insert into ticket_parqueadero (id, fecha_ingreso, fecha_salida, valor, placa) values (null, ?, ?, ?, ?)
Hibernate: SELECT COUNT(*) FROM ticket_parqueadero t JOIN vehiculo v ON t.placa=v.placa WHERE v.tipo_vehiculo=? AND t.fecha_salida IS NULL
Hibernate: SELECT COUNT(*) FROM ticket_parqueadero t  WHERE t.placa=? AND t.fecha_salida IS NULL
Hibernate: select vehiculoen0_.placa as placa1_2_0_, vehiculoen0_.cilindraje as cilindra2_2_0_, vehiculoen0_.tipo_vehiculo as tipo_veh3_2_0_ from vehiculo vehiculoen0_ where vehiculoen0_.placa=?
Hibernate: select vehiculoen0_.placa as placa1_2_1_, vehiculoen0_.cilindraje as cilindra2_2_1_, vehiculoen0_.tipo_vehiculo as tipo_veh3_2_1_, ticketparq1_.placa as placa5_1_3_, ticketparq1_.id as id1_1_3_, ticketparq1_.id as id1_1_0_, ticketparq1_.fecha_ingreso as fecha_in2_1_0_, ticketparq1_.fecha_salida as fecha_sa3_1_0_, ticketparq1_.valor as valor4_1_0_, ticketparq1_.placa as placa5_1_0_ from vehiculo vehiculoen0_ left outer join ticket_parqueadero ticketparq1_ on vehiculoen0_.placa=ticketparq1_.placa where vehiculoen0_.placa=?
Hibernate: insert into vehiculo (cilindraje, tipo_vehiculo, placa) values (?, ?, ?)
Hibernate: select vehiculoen_.placa, vehiculoen_.cilindraje as cilindra2_2_, vehiculoen_.tipo_vehiculo as tipo_veh3_2_ from vehiculo vehiculoen_ where vehiculoen_.placa=?
Hibernate: insert into ticket_parqueadero (id, fecha_ingreso, fecha_salida, valor, placa) values (null, ?, ?, ?, ?)
Hibernate: SELECT COUNT(*) FROM ticket_parqueadero t JOIN vehiculo v ON t.placa=v.placa WHERE v.tipo_vehiculo=? AND t.fecha_salida IS NULL
Hibernate: SELECT COUNT(*) FROM ticket_parqueadero t  WHERE t.placa=? AND t.fecha_salida IS NULL
Hibernate: select vehiculoen0_.placa as placa1_2_0_, vehiculoen0_.cilindraje as cilindra2_2_0_, vehiculoen0_.tipo_vehiculo as tipo_veh3_2_0_ from vehiculo vehiculoen0_ where vehiculoen0_.placa=?
Hibernate: select vehiculoen0_.placa as placa1_2_1_, vehiculoen0_.cilindraje as cilindra2_2_1_, vehiculoen0_.tipo_vehiculo as tipo_veh3_2_1_, ticketparq1_.placa as placa5_1_3_, ticketparq1_.id as id1_1_3_, ticketparq1_.id as id1_1_0_, ticketparq1_.fecha_ingreso as fecha_in2_1_0_, ticketparq1_.fecha_salida as fecha_sa3_1_0_, ticketparq1_.valor as valor4_1_0_, ticketparq1_.placa as placa5_1_0_ from vehiculo vehiculoen0_ left outer join ticket_parqueadero ticketparq1_ on vehiculoen0_.placa=ticketparq1_.placa where vehiculoen0_.placa=?
Hibernate: insert into vehiculo (cilindraje, tipo_vehiculo, placa) values (?, ?, ?)
Hibernate: select vehiculoen_.placa, vehiculoen_.cilindraje as cilindra2_2_, vehiculoen_.tipo_vehiculo as tipo_veh3_2_ from vehiculo vehiculoen_ where vehiculoen_.placa=?
Hibernate: insert into ticket_parqueadero (id, fecha_ingreso, fecha_salida, valor, placa) values (null, ?, ?, ?, ?)
Hibernate: SELECT COUNT(*) FROM ticket_parqueadero t JOIN vehiculo v ON t.placa=v.placa WHERE v.tipo_vehiculo=? AND t.fecha_salida IS NULL
Hibernate: SELECT COUNT(*) FROM ticket_parqueadero t  WHERE t.placa=? AND t.fecha_salida IS NULL
Hibernate: select vehiculoen0_.placa as placa1_2_0_, vehiculoen0_.cilindraje as cilindra2_2_0_, vehiculoen0_.tipo_vehiculo as tipo_veh3_2_0_ from vehiculo vehiculoen0_ where vehiculoen0_.placa=?
Hibernate: select vehiculoen0_.placa as placa1_2_1_, vehiculoen0_.cilindraje as cilindra2_2_1_, vehiculoen0_.tipo_vehiculo as tipo_veh3_2_1_, ticketparq1_.placa as placa5_1_3_, ticketparq1_.id as id1_1_3_, ticketparq1_.id as id1_1_0_, ticketparq1_.fecha_ingreso as fecha_in2_1_0_, ticketparq1_.fecha_salida as fecha_sa3_1_0_, ticketparq1_.valor as valor4_1_0_, ticketparq1_.placa as placa5_1_0_ from vehiculo vehiculoen0_ left outer join ticket_parqueadero ticketparq1_ on vehiculoen0_.placa=ticketparq1_.placa where vehiculoen0_.placa=?
Hibernate: insert into vehiculo (cilindraje, tipo_vehiculo, placa) values (?, ?, ?)
Hibernate: select vehiculoen_.placa, vehiculoen_.cilindraje as cilindra2_2_, vehiculoen_.tipo_vehiculo as tipo_veh3_2_ from vehiculo vehiculoen_ where vehiculoen_.placa=?
Hibernate: insert into ticket_parqueadero (id, fecha_ingreso, fecha_salida, valor, placa) values (null, ?, ?, ?, ?)
Hibernate: SELECT COUNT(*) FROM ticket_parqueadero t JOIN vehiculo v ON t.placa=v.placa WHERE v.tipo_vehiculo=? AND t.fecha_salida IS NULL
Hibernate: SELECT COUNT(*) FROM ticket_parqueadero t  WHERE t.placa=? AND t.fecha_salida IS NULL
Hibernate: select vehiculoen0_.placa as placa1_2_0_, vehiculoen0_.cilindraje as cilindra2_2_0_, vehiculoen0_.tipo_vehiculo as tipo_veh3_2_0_ from vehiculo vehiculoen0_ where vehiculoen0_.placa=?
Hibernate: select vehiculoen0_.placa as placa1_2_1_, vehiculoen0_.cilindraje as cilindra2_2_1_, vehiculoen0_.tipo_vehiculo as tipo_veh3_2_1_, ticketparq1_.placa as placa5_1_3_, ticketparq1_.id as id1_1_3_, ticketparq1_.id as id1_1_0_, ticketparq1_.fecha_ingreso as fecha_in2_1_0_, ticketparq1_.fecha_salida as fecha_sa3_1_0_, ticketparq1_.valor as valor4_1_0_, ticketparq1_.placa as placa5_1_0_ from vehiculo vehiculoen0_ left outer join ticket_parqueadero ticketparq1_ on vehiculoen0_.placa=ticketparq1_.placa where vehiculoen0_.placa=?
Hibernate: insert into vehiculo (cilindraje, tipo_vehiculo, placa) values (?, ?, ?)
Hibernate: select vehiculoen_.placa, vehiculoen_.cilindraje as cilindra2_2_, vehiculoen_.tipo_vehiculo as tipo_veh3_2_ from vehiculo vehiculoen_ where vehiculoen_.placa=?
Hibernate: insert into ticket_parqueadero (id, fecha_ingreso, fecha_salida, valor, placa) values (null, ?, ?, ?, ?)
Hibernate: SELECT COUNT(*) FROM ticket_parqueadero t JOIN vehiculo v ON t.placa=v.placa WHERE v.tipo_vehiculo=? AND t.fecha_salida IS NULL
Hibernate: SELECT COUNT(*) FROM ticket_parqueadero t  WHERE t.placa=? AND t.fecha_salida IS NULL
Hibernate: select vehiculoen0_.placa as placa1_2_0_, vehiculoen0_.cilindraje as cilindra2_2_0_, vehiculoen0_.tipo_vehiculo as tipo_veh3_2_0_ from vehiculo vehiculoen0_ where vehiculoen0_.placa=?
Hibernate: select vehiculoen0_.placa as placa1_2_1_, vehiculoen0_.cilindraje as cilindra2_2_1_, vehiculoen0_.tipo_vehiculo as tipo_veh3_2_1_, ticketparq1_.placa as placa5_1_3_, ticketparq1_.id as id1_1_3_, ticketparq1_.id as id1_1_0_, ticketparq1_.fecha_ingreso as fecha_in2_1_0_, ticketparq1_.fecha_salida as fecha_sa3_1_0_, ticketparq1_.valor as valor4_1_0_, ticketparq1_.placa as placa5_1_0_ from vehiculo vehiculoen0_ left outer join ticket_parqueadero ticketparq1_ on vehiculoen0_.placa=ticketparq1_.placa where vehiculoen0_.placa=?
Hibernate: insert into vehiculo (cilindraje, tipo_vehiculo, placa) values (?, ?, ?)
Hibernate: select vehiculoen_.placa, vehiculoen_.cilindraje as cilindra2_2_, vehiculoen_.tipo_vehiculo as tipo_veh3_2_ from vehiculo vehiculoen_ where vehiculoen_.placa=?
Hibernate: insert into ticket_parqueadero (id, fecha_ingreso, fecha_salida, valor, placa) values (null, ?, ?, ?, ?)
Hibernate: SELECT COUNT(*) FROM ticket_parqueadero t JOIN vehiculo v ON t.placa=v.placa WHERE v.tipo_vehiculo=? AND t.fecha_salida IS NULL
Hibernate: SELECT COUNT(*) FROM ticket_parqueadero t  WHERE t.placa=? AND t.fecha_salida IS NULL
Hibernate: select vehiculoen0_.placa as placa1_2_0_, vehiculoen0_.cilindraje as cilindra2_2_0_, vehiculoen0_.tipo_vehiculo as tipo_veh3_2_0_ from vehiculo vehiculoen0_ where vehiculoen0_.placa=?
Hibernate: select vehiculoen0_.placa as placa1_2_1_, vehiculoen0_.cilindraje as cilindra2_2_1_, vehiculoen0_.tipo_vehiculo as tipo_veh3_2_1_, ticketparq1_.placa as placa5_1_3_, ticketparq1_.id as id1_1_3_, ticketparq1_.id as id1_1_0_, ticketparq1_.fecha_ingreso as fecha_in2_1_0_, ticketparq1_.fecha_salida as fecha_sa3_1_0_, ticketparq1_.valor as valor4_1_0_, ticketparq1_.placa as placa5_1_0_ from vehiculo vehiculoen0_ left outer join ticket_parqueadero ticketparq1_ on vehiculoen0_.placa=ticketparq1_.placa where vehiculoen0_.placa=?
Hibernate: insert into vehiculo (cilindraje, tipo_vehiculo, placa) values (?, ?, ?)
Hibernate: select vehiculoen_.placa, vehiculoen_.cilindraje as cilindra2_2_, vehiculoen_.tipo_vehiculo as tipo_veh3_2_ from vehiculo vehiculoen_ where vehiculoen_.placa=?
Hibernate: insert into ticket_parqueadero (id, fecha_ingreso, fecha_salida, valor, placa) values (null, ?, ?, ?, ?)
Hibernate: SELECT COUNT(*) FROM ticket_parqueadero t JOIN vehiculo v ON t.placa=v.placa WHERE v.tipo_vehiculo=? AND t.fecha_salida IS NULL
Hibernate: SELECT COUNT(*) FROM ticket_parqueadero t  WHERE t.placa=? AND t.fecha_salida IS NULL
Hibernate: select vehiculoen0_.placa as placa1_2_0_, vehiculoen0_.cilindraje as cilindra2_2_0_, vehiculoen0_.tipo_vehiculo as tipo_veh3_2_0_ from vehiculo vehiculoen0_ where vehiculoen0_.placa=?
Hibernate: select vehiculoen0_.placa as placa1_2_1_, vehiculoen0_.cilindraje as cilindra2_2_1_, vehiculoen0_.tipo_vehiculo as tipo_veh3_2_1_, ticketparq1_.placa as placa5_1_3_, ticketparq1_.id as id1_1_3_, ticketparq1_.id as id1_1_0_, ticketparq1_.fecha_ingreso as fecha_in2_1_0_, ticketparq1_.fecha_salida as fecha_sa3_1_0_, ticketparq1_.valor as valor4_1_0_, ticketparq1_.placa as placa5_1_0_ from vehiculo vehiculoen0_ left outer join ticket_parqueadero ticketparq1_ on vehiculoen0_.placa=ticketparq1_.placa where vehiculoen0_.placa=?
Hibernate: insert into vehiculo (cilindraje, tipo_vehiculo, placa) values (?, ?, ?)
Hibernate: select vehiculoen_.placa, vehiculoen_.cilindraje as cilindra2_2_, vehiculoen_.tipo_vehiculo as tipo_veh3_2_ from vehiculo vehiculoen_ where vehiculoen_.placa=?
Hibernate: insert into ticket_parqueadero (id, fecha_ingreso, fecha_salida, valor, placa) values (null, ?, ?, ?, ?)
Hibernate: SELECT COUNT(*) FROM ticket_parqueadero t JOIN vehiculo v ON t.placa=v.placa WHERE v.tipo_vehiculo=? AND t.fecha_salida IS NULL
Hibernate: SELECT COUNT(*) FROM ticket_parqueadero t  WHERE t.placa=? AND t.fecha_salida IS NULL
Hibernate: select vehiculoen0_.placa as placa1_2_0_, vehiculoen0_.cilindraje as cilindra2_2_0_, vehiculoen0_.tipo_vehiculo as tipo_veh3_2_0_ from vehiculo vehiculoen0_ where vehiculoen0_.placa=?
Hibernate: select vehiculoen0_.placa as placa1_2_1_, vehiculoen0_.cilindraje as cilindra2_2_1_, vehiculoen0_.tipo_vehiculo as tipo_veh3_2_1_, ticketparq1_.placa as placa5_1_3_, ticketparq1_.id as id1_1_3_, ticketparq1_.id as id1_1_0_, ticketparq1_.fecha_ingreso as fecha_in2_1_0_, ticketparq1_.fecha_salida as fecha_sa3_1_0_, ticketparq1_.valor as valor4_1_0_, ticketparq1_.placa as placa5_1_0_ from vehiculo vehiculoen0_ left outer join ticket_parqueadero ticketparq1_ on vehiculoen0_.placa=ticketparq1_.placa where vehiculoen0_.placa=?
Hibernate: insert into vehiculo (cilindraje, tipo_vehiculo, placa) values (?, ?, ?)
Hibernate: select vehiculoen_.placa, vehiculoen_.cilindraje as cilindra2_2_, vehiculoen_.tipo_vehiculo as tipo_veh3_2_ from vehiculo vehiculoen_ where vehiculoen_.placa=?
Hibernate: insert into ticket_parqueadero (id, fecha_ingreso, fecha_salida, valor, placa) values (null, ?, ?, ?, ?)
Hibernate: SELECT COUNT(*) FROM ticket_parqueadero t JOIN vehiculo v ON t.placa=v.placa WHERE v.tipo_vehiculo=? AND t.fecha_salida IS NULL
Hibernate: SELECT COUNT(*) FROM ticket_parqueadero t  WHERE t.placa=? AND t.fecha_salida IS NULL
Hibernate: select vehiculoen0_.placa as placa1_2_0_, vehiculoen0_.cilindraje as cilindra2_2_0_, vehiculoen0_.tipo_vehiculo as tipo_veh3_2_0_ from vehiculo vehiculoen0_ where vehiculoen0_.placa=?
Hibernate: select vehiculoen0_.placa as placa1_2_1_, vehiculoen0_.cilindraje as cilindra2_2_1_, vehiculoen0_.tipo_vehiculo as tipo_veh3_2_1_, ticketparq1_.placa as placa5_1_3_, ticketparq1_.id as id1_1_3_, ticketparq1_.id as id1_1_0_, ticketparq1_.fecha_ingreso as fecha_in2_1_0_, ticketparq1_.fecha_salida as fecha_sa3_1_0_, ticketparq1_.valor as valor4_1_0_, ticketparq1_.placa as placa5_1_0_ from vehiculo vehiculoen0_ left outer join ticket_parqueadero ticketparq1_ on vehiculoen0_.placa=ticketparq1_.placa where vehiculoen0_.placa=?
Hibernate: insert into vehiculo (cilindraje, tipo_vehiculo, placa) values (?, ?, ?)
Hibernate: select vehiculoen_.placa, vehiculoen_.cilindraje as cilindra2_2_, vehiculoen_.tipo_vehiculo as tipo_veh3_2_ from vehiculo vehiculoen_ where vehiculoen_.placa=?
Hibernate: insert into ticket_parqueadero (id, fecha_ingreso, fecha_salida, valor, placa) values (null, ?, ?, ?, ?)
Hibernate: SELECT COUNT(*) FROM ticket_parqueadero t JOIN vehiculo v ON t.placa=v.placa WHERE v.tipo_vehiculo=? AND t.fecha_salida IS NULL
Hibernate: SELECT COUNT(*) FROM ticket_parqueadero t  WHERE t.placa=? AND t.fecha_salida IS NULL
Hibernate: select vehiculoen0_.placa as placa1_2_0_, vehiculoen0_.cilindraje as cilindra2_2_0_, vehiculoen0_.tipo_vehiculo as tipo_veh3_2_0_ from vehiculo vehiculoen0_ where vehiculoen0_.placa=?
Hibernate: select vehiculoen0_.placa as placa1_2_1_, vehiculoen0_.cilindraje as cilindra2_2_1_, vehiculoen0_.tipo_vehiculo as tipo_veh3_2_1_, ticketparq1_.placa as placa5_1_3_, ticketparq1_.id as id1_1_3_, ticketparq1_.id as id1_1_0_, ticketparq1_.fecha_ingreso as fecha_in2_1_0_, ticketparq1_.fecha_salida as fecha_sa3_1_0_, ticketparq1_.valor as valor4_1_0_, ticketparq1_.placa as placa5_1_0_ from vehiculo vehiculoen0_ left outer join ticket_parqueadero ticketparq1_ on vehiculoen0_.placa=ticketparq1_.placa where vehiculoen0_.placa=?
Hibernate: insert into vehiculo (cilindraje, tipo_vehiculo, placa) values (?, ?, ?)
Hibernate: select vehiculoen_.placa, vehiculoen_.cilindraje as cilindra2_2_, vehiculoen_.tipo_vehiculo as tipo_veh3_2_ from vehiculo vehiculoen_ where vehiculoen_.placa=?
Hibernate: insert into ticket_parqueadero (id, fecha_ingreso, fecha_salida, valor, placa) values (null, ?, ?, ?, ?)
Hibernate: SELECT COUNT(*) FROM ticket_parqueadero t JOIN vehiculo v ON t.placa=v.placa WHERE v.tipo_vehiculo=? AND t.fecha_salida IS NULL
Hibernate: SELECT COUNT(*) FROM ticket_parqueadero t  WHERE t.placa=? AND t.fecha_salida IS NULL
Hibernate: select vehiculoen0_.placa as placa1_2_0_, vehiculoen0_.cilindraje as cilindra2_2_0_, vehiculoen0_.tipo_vehiculo as tipo_veh3_2_0_ from vehiculo vehiculoen0_ where vehiculoen0_.placa=?
Hibernate: select vehiculoen0_.placa as placa1_2_1_, vehiculoen0_.cilindraje as cilindra2_2_1_, vehiculoen0_.tipo_vehiculo as tipo_veh3_2_1_, ticketparq1_.placa as placa5_1_3_, ticketparq1_.id as id1_1_3_, ticketparq1_.id as id1_1_0_, ticketparq1_.fecha_ingreso as fecha_in2_1_0_, ticketparq1_.fecha_salida as fecha_sa3_1_0_, ticketparq1_.valor as valor4_1_0_, ticketparq1_.placa as placa5_1_0_ from vehiculo vehiculoen0_ left outer join ticket_parqueadero ticketparq1_ on vehiculoen0_.placa=ticketparq1_.placa where vehiculoen0_.placa=?
Hibernate: insert into vehiculo (cilindraje, tipo_vehiculo, placa) values (?, ?, ?)
Hibernate: select vehiculoen_.placa, vehiculoen_.cilindraje as cilindra2_2_, vehiculoen_.tipo_vehiculo as tipo_veh3_2_ from vehiculo vehiculoen_ where vehiculoen_.placa=?
Hibernate: insert into ticket_parqueadero (id, fecha_ingreso, fecha_salida, valor, placa) values (null, ?, ?, ?, ?)
Hibernate: SELECT COUNT(*) FROM ticket_parqueadero t JOIN vehiculo v ON t.placa=v.placa WHERE v.tipo_vehiculo=? AND t.fecha_salida IS NULL
Hibernate: SELECT COUNT(*) FROM ticket_parqueadero t  WHERE t.placa=? AND t.fecha_salida IS NULL
Hibernate: select vehiculoen0_.placa as placa1_2_0_, vehiculoen0_.cilindraje as cilindra2_2_0_, vehiculoen0_.tipo_vehiculo as tipo_veh3_2_0_ from vehiculo vehiculoen0_ where vehiculoen0_.placa=?
Hibernate: select vehiculoen0_.placa as placa1_2_1_, vehiculoen0_.cilindraje as cilindra2_2_1_, vehiculoen0_.tipo_vehiculo as tipo_veh3_2_1_, ticketparq1_.placa as placa5_1_3_, ticketparq1_.id as id1_1_3_, ticketparq1_.id as id1_1_0_, ticketparq1_.fecha_ingreso as fecha_in2_1_0_, ticketparq1_.fecha_salida as fecha_sa3_1_0_, ticketparq1_.valor as valor4_1_0_, ticketparq1_.placa as placa5_1_0_ from vehiculo vehiculoen0_ left outer join ticket_parqueadero ticketparq1_ on vehiculoen0_.placa=ticketparq1_.placa where vehiculoen0_.placa=?
Hibernate: insert into vehiculo (cilindraje, tipo_vehiculo, placa) values (?, ?, ?)
Hibernate: select vehiculoen_.placa, vehiculoen_.cilindraje as cilindra2_2_, vehiculoen_.tipo_vehiculo as tipo_veh3_2_ from vehiculo vehiculoen_ where vehiculoen_.placa=?
Hibernate: insert into ticket_parqueadero (id, fecha_ingreso, fecha_salida, valor, placa) values (null, ?, ?, ?, ?)
Hibernate: SELECT COUNT(*) FROM ticket_parqueadero t JOIN vehiculo v ON t.placa=v.placa WHERE v.tipo_vehiculo=? AND t.fecha_salida IS NULL
Hibernate: SELECT COUNT(*) FROM ticket_parqueadero t JOIN vehiculo v ON t.placa=v.placa WHERE v.tipo_vehiculo=? AND t.fecha_salida IS NULL
Hibernate: SELECT COUNT(*) FROM ticket_parqueadero t JOIN vehiculo v ON t.placa=v.placa WHERE v.tipo_vehiculo=? AND t.fecha_salida IS NULL
Hibernate: select vehiculoen0_.placa as placa1_2_0_, vehiculoen0_.cilindraje as cilindra2_2_0_, vehiculoen0_.tipo_vehiculo as tipo_veh3_2_0_ from vehiculo vehiculoen0_ where vehiculoen0_.placa=?
Hibernate: SELECT COUNT(*) FROM ticket_parqueadero t  WHERE t.placa=? AND t.fecha_salida IS NULL
Hibernate: SELECT * FROM ticket_parqueadero t  WHERE t.placa=? AND t.fecha_salida IS NULL
Hibernate: select vehiculoen0_.placa as placa1_2_0_, vehiculoen0_.cilindraje as cilindra2_2_0_, vehiculoen0_.tipo_vehiculo as tipo_veh3_2_0_ from vehiculo vehiculoen0_ where vehiculoen0_.placa=?
Hibernate: select tarifaenti0_.tipo_tarifa as tipo_tar1_0_0_, tarifaenti0_.tipo_vehiculo as tipo_veh2_0_0_, tarifaenti0_.unidad_tiempo as unidad_t3_0_0_, tarifaenti0_.valor as valor4_0_0_ from tarifa tarifaenti0_ where tarifaenti0_.tipo_tarifa=? and tarifaenti0_.tipo_vehiculo=? and tarifaenti0_.unidad_tiempo=?
Hibernate: select tarifaenti0_.tipo_tarifa as tipo_tar1_0_0_, tarifaenti0_.tipo_vehiculo as tipo_veh2_0_0_, tarifaenti0_.unidad_tiempo as unidad_t3_0_0_, tarifaenti0_.valor as valor4_0_0_ from tarifa tarifaenti0_ where tarifaenti0_.tipo_tarifa=? and tarifaenti0_.tipo_vehiculo=? and tarifaenti0_.unidad_tiempo=?
Hibernate: SELECT * FROM ticket_parqueadero t  WHERE t.placa=? AND t.fecha_salida IS NULL
Hibernate: select vehiculoen0_.placa as placa1_2_0_, vehiculoen0_.cilindraje as cilindra2_2_0_, vehiculoen0_.tipo_vehiculo as tipo_veh3_2_0_ from vehiculo vehiculoen0_ where vehiculoen0_.placa=?
Hibernate: select ticketparq0_.id as id1_1_0_, ticketparq0_.fecha_ingreso as fecha_in2_1_0_, ticketparq0_.fecha_salida as fecha_sa3_1_0_, ticketparq0_.valor as valor4_1_0_, ticketparq0_.placa as placa5_1_0_ from ticket_parqueadero ticketparq0_ where ticketparq0_.id=?
Hibernate: select vehiculoen0_.placa as placa1_2_1_, vehiculoen0_.cilindraje as cilindra2_2_1_, vehiculoen0_.tipo_vehiculo as tipo_veh3_2_1_, ticketparq1_.placa as placa5_1_3_, ticketparq1_.id as id1_1_3_, ticketparq1_.id as id1_1_0_, ticketparq1_.fecha_ingreso as fecha_in2_1_0_, ticketparq1_.fecha_salida as fecha_sa3_1_0_, ticketparq1_.valor as valor4_1_0_, ticketparq1_.placa as placa5_1_0_ from vehiculo vehiculoen0_ left outer join ticket_parqueadero ticketparq1_ on vehiculoen0_.placa=ticketparq1_.placa where vehiculoen0_.placa=?
Hibernate: update ticket_parqueadero set fecha_ingreso=?, fecha_salida=?, valor=?, placa=? where id=?
Hibernate: select vehiculoen0_.placa as placa1_2_0_, vehiculoen0_.cilindraje as cilindra2_2_0_, vehiculoen0_.tipo_vehiculo as tipo_veh3_2_0_ from vehiculo vehiculoen0_ where vehiculoen0_.placa=?
Hibernate: SELECT COUNT(*) FROM ticket_parqueadero t  WHERE t.placa=? AND t.fecha_salida IS NULL
Hibernate: SELECT * FROM ticket_parqueadero t  WHERE t.placa=? AND t.fecha_salida IS NULL
Hibernate: select vehiculoen0_.placa as placa1_2_0_, vehiculoen0_.cilindraje as cilindra2_2_0_, vehiculoen0_.tipo_vehiculo as tipo_veh3_2_0_ from vehiculo vehiculoen0_ where vehiculoen0_.placa=?
Hibernate: select tarifaenti0_.tipo_tarifa as tipo_tar1_0_0_, tarifaenti0_.tipo_vehiculo as tipo_veh2_0_0_, tarifaenti0_.unidad_tiempo as unidad_t3_0_0_, tarifaenti0_.valor as valor4_0_0_ from tarifa tarifaenti0_ where tarifaenti0_.tipo_tarifa=? and tarifaenti0_.tipo_vehiculo=? and tarifaenti0_.unidad_tiempo=?
Hibernate: select tarifaenti0_.tipo_tarifa as tipo_tar1_0_0_, tarifaenti0_.tipo_vehiculo as tipo_veh2_0_0_, tarifaenti0_.unidad_tiempo as unidad_t3_0_0_, tarifaenti0_.valor as valor4_0_0_ from tarifa tarifaenti0_ where tarifaenti0_.tipo_tarifa=? and tarifaenti0_.tipo_vehiculo=? and tarifaenti0_.unidad_tiempo=?
Hibernate: SELECT * FROM ticket_parqueadero t  WHERE t.placa=? AND t.fecha_salida IS NULL
Hibernate: select vehiculoen0_.placa as placa1_2_0_, vehiculoen0_.cilindraje as cilindra2_2_0_, vehiculoen0_.tipo_vehiculo as tipo_veh3_2_0_ from vehiculo vehiculoen0_ where vehiculoen0_.placa=?
Hibernate: select ticketparq0_.id as id1_1_0_, ticketparq0_.fecha_ingreso as fecha_in2_1_0_, ticketparq0_.fecha_salida as fecha_sa3_1_0_, ticketparq0_.valor as valor4_1_0_, ticketparq0_.placa as placa5_1_0_ from ticket_parqueadero ticketparq0_ where ticketparq0_.id=?
Hibernate: select vehiculoen0_.placa as placa1_2_1_, vehiculoen0_.cilindraje as cilindra2_2_1_, vehiculoen0_.tipo_vehiculo as tipo_veh3_2_1_, ticketparq1_.placa as placa5_1_3_, ticketparq1_.id as id1_1_3_, ticketparq1_.id as id1_1_0_, ticketparq1_.fecha_ingreso as fecha_in2_1_0_, ticketparq1_.fecha_salida as fecha_sa3_1_0_, ticketparq1_.valor as valor4_1_0_, ticketparq1_.placa as placa5_1_0_ from vehiculo vehiculoen0_ left outer join ticket_parqueadero ticketparq1_ on vehiculoen0_.placa=ticketparq1_.placa where vehiculoen0_.placa=?
Hibernate: update ticket_parqueadero set fecha_ingreso=?, fecha_salida=?, valor=?, placa=? where id=?
Hibernate: select vehiculoen0_.placa as placa1_2_0_, vehiculoen0_.cilindraje as cilindra2_2_0_, vehiculoen0_.tipo_vehiculo as tipo_veh3_2_0_ from vehiculo vehiculoen0_ where vehiculoen0_.placa=?
Hibernate: SELECT COUNT(*) FROM ticket_parqueadero t  WHERE t.placa=? AND t.fecha_salida IS NULL
Hibernate: SELECT * FROM ticket_parqueadero t  WHERE t.placa=? AND t.fecha_salida IS NULL
Hibernate: select vehiculoen0_.placa as placa1_2_0_, vehiculoen0_.cilindraje as cilindra2_2_0_, vehiculoen0_.tipo_vehiculo as tipo_veh3_2_0_ from vehiculo vehiculoen0_ where vehiculoen0_.placa=?
Hibernate: select tarifaenti0_.tipo_tarifa as tipo_tar1_0_0_, tarifaenti0_.tipo_vehiculo as tipo_veh2_0_0_, tarifaenti0_.unidad_tiempo as unidad_t3_0_0_, tarifaenti0_.valor as valor4_0_0_ from tarifa tarifaenti0_ where tarifaenti0_.tipo_tarifa=? and tarifaenti0_.tipo_vehiculo=? and tarifaenti0_.unidad_tiempo=?
Hibernate: select tarifaenti0_.tipo_tarifa as tipo_tar1_0_0_, tarifaenti0_.tipo_vehiculo as tipo_veh2_0_0_, tarifaenti0_.unidad_tiempo as unidad_t3_0_0_, tarifaenti0_.valor as valor4_0_0_ from tarifa tarifaenti0_ where tarifaenti0_.tipo_tarifa=? and tarifaenti0_.tipo_vehiculo=? and tarifaenti0_.unidad_tiempo=?
Hibernate: SELECT * FROM ticket_parqueadero t  WHERE t.placa=? AND t.fecha_salida IS NULL
Hibernate: select vehiculoen0_.placa as placa1_2_0_, vehiculoen0_.cilindraje as cilindra2_2_0_, vehiculoen0_.tipo_vehiculo as tipo_veh3_2_0_ from vehiculo vehiculoen0_ where vehiculoen0_.placa=?
Hibernate: select ticketparq0_.id as id1_1_0_, ticketparq0_.fecha_ingreso as fecha_in2_1_0_, ticketparq0_.fecha_salida as fecha_sa3_1_0_, ticketparq0_.valor as valor4_1_0_, ticketparq0_.placa as placa5_1_0_ from ticket_parqueadero ticketparq0_ where ticketparq0_.id=?
Hibernate: select vehiculoen0_.placa as placa1_2_1_, vehiculoen0_.cilindraje as cilindra2_2_1_, vehiculoen0_.tipo_vehiculo as tipo_veh3_2_1_, ticketparq1_.placa as placa5_1_3_, ticketparq1_.id as id1_1_3_, ticketparq1_.id as id1_1_0_, ticketparq1_.fecha_ingreso as fecha_in2_1_0_, ticketparq1_.fecha_salida as fecha_sa3_1_0_, ticketparq1_.valor as valor4_1_0_, ticketparq1_.placa as placa5_1_0_ from vehiculo vehiculoen0_ left outer join ticket_parqueadero ticketparq1_ on vehiculoen0_.placa=ticketparq1_.placa where vehiculoen0_.placa=?
Hibernate: update ticket_parqueadero set fecha_ingreso=?, fecha_salida=?, valor=?, placa=? where id=?
Hibernate: select vehiculoen0_.placa as placa1_2_0_, vehiculoen0_.cilindraje as cilindra2_2_0_, vehiculoen0_.tipo_vehiculo as tipo_veh3_2_0_ from vehiculo vehiculoen0_ where vehiculoen0_.placa=?
Hibernate: SELECT COUNT(*) FROM ticket_parqueadero t  WHERE t.placa=? AND t.fecha_salida IS NULL
Hibernate: SELECT * FROM ticket_parqueadero t  WHERE t.placa=? AND t.fecha_salida IS NULL
Hibernate: select vehiculoen0_.placa as placa1_2_0_, vehiculoen0_.cilindraje as cilindra2_2_0_, vehiculoen0_.tipo_vehiculo as tipo_veh3_2_0_ from vehiculo vehiculoen0_ where vehiculoen0_.placa=?
Hibernate: select tarifaenti0_.tipo_tarifa as tipo_tar1_0_0_, tarifaenti0_.tipo_vehiculo as tipo_veh2_0_0_, tarifaenti0_.unidad_tiempo as unidad_t3_0_0_, tarifaenti0_.valor as valor4_0_0_ from tarifa tarifaenti0_ where tarifaenti0_.tipo_tarifa=? and tarifaenti0_.tipo_vehiculo=? and tarifaenti0_.unidad_tiempo=?
Hibernate: select tarifaenti0_.tipo_tarifa as tipo_tar1_0_0_, tarifaenti0_.tipo_vehiculo as tipo_veh2_0_0_, tarifaenti0_.unidad_tiempo as unidad_t3_0_0_, tarifaenti0_.valor as valor4_0_0_ from tarifa tarifaenti0_ where tarifaenti0_.tipo_tarifa=? and tarifaenti0_.tipo_vehiculo=? and tarifaenti0_.unidad_tiempo=?
Hibernate: SELECT * FROM ticket_parqueadero t  WHERE t.placa=? AND t.fecha_salida IS NULL
Hibernate: select vehiculoen0_.placa as placa1_2_0_, vehiculoen0_.cilindraje as cilindra2_2_0_, vehiculoen0_.tipo_vehiculo as tipo_veh3_2_0_ from vehiculo vehiculoen0_ where vehiculoen0_.placa=?
Hibernate: select ticketparq0_.id as id1_1_0_, ticketparq0_.fecha_ingreso as fecha_in2_1_0_, ticketparq0_.fecha_salida as fecha_sa3_1_0_, ticketparq0_.valor as valor4_1_0_, ticketparq0_.placa as placa5_1_0_ from ticket_parqueadero ticketparq0_ where ticketparq0_.id=?
Hibernate: select vehiculoen0_.placa as placa1_2_1_, vehiculoen0_.cilindraje as cilindra2_2_1_, vehiculoen0_.tipo_vehiculo as tipo_veh3_2_1_, ticketparq1_.placa as placa5_1_3_, ticketparq1_.id as id1_1_3_, ticketparq1_.id as id1_1_0_, ticketparq1_.fecha_ingreso as fecha_in2_1_0_, ticketparq1_.fecha_salida as fecha_sa3_1_0_, ticketparq1_.valor as valor4_1_0_, ticketparq1_.placa as placa5_1_0_ from vehiculo vehiculoen0_ left outer join ticket_parqueadero ticketparq1_ on vehiculoen0_.placa=ticketparq1_.placa where vehiculoen0_.placa=?
Hibernate: update ticket_parqueadero set fecha_ingreso=?, fecha_salida=?, valor=?, placa=? where id=?
Hibernate: select vehiculoen0_.placa as placa1_2_0_, vehiculoen0_.cilindraje as cilindra2_2_0_, vehiculoen0_.tipo_vehiculo as tipo_veh3_2_0_ from vehiculo vehiculoen0_ where vehiculoen0_.placa=?
Hibernate: SELECT COUNT(*) FROM ticket_parqueadero t  WHERE t.placa=? AND t.fecha_salida IS NULL
Hibernate: SELECT * FROM ticket_parqueadero t  WHERE t.placa=? AND t.fecha_salida IS NULL
Hibernate: select vehiculoen0_.placa as placa1_2_0_, vehiculoen0_.cilindraje as cilindra2_2_0_, vehiculoen0_.tipo_vehiculo as tipo_veh3_2_0_ from vehiculo vehiculoen0_ where vehiculoen0_.placa=?
Hibernate: select tarifaenti0_.tipo_tarifa as tipo_tar1_0_0_, tarifaenti0_.tipo_vehiculo as tipo_veh2_0_0_, tarifaenti0_.unidad_tiempo as unidad_t3_0_0_, tarifaenti0_.valor as valor4_0_0_ from tarifa tarifaenti0_ where tarifaenti0_.tipo_tarifa=? and tarifaenti0_.tipo_vehiculo=? and tarifaenti0_.unidad_tiempo=?
Hibernate: select tarifaenti0_.tipo_tarifa as tipo_tar1_0_0_, tarifaenti0_.tipo_vehiculo as tipo_veh2_0_0_, tarifaenti0_.unidad_tiempo as unidad_t3_0_0_, tarifaenti0_.valor as valor4_0_0_ from tarifa tarifaenti0_ where tarifaenti0_.tipo_tarifa=? and tarifaenti0_.tipo_vehiculo=? and tarifaenti0_.unidad_tiempo=?
Hibernate: SELECT * FROM ticket_parqueadero t  WHERE t.placa=? AND t.fecha_salida IS NULL
Hibernate: select vehiculoen0_.placa as placa1_2_0_, vehiculoen0_.cilindraje as cilindra2_2_0_, vehiculoen0_.tipo_vehiculo as tipo_veh3_2_0_ from vehiculo vehiculoen0_ where vehiculoen0_.placa=?
Hibernate: select ticketparq0_.id as id1_1_0_, ticketparq0_.fecha_ingreso as fecha_in2_1_0_, ticketparq0_.fecha_salida as fecha_sa3_1_0_, ticketparq0_.valor as valor4_1_0_, ticketparq0_.placa as placa5_1_0_ from ticket_parqueadero ticketparq0_ where ticketparq0_.id=?
Hibernate: select vehiculoen0_.placa as placa1_2_1_, vehiculoen0_.cilindraje as cilindra2_2_1_, vehiculoen0_.tipo_vehiculo as tipo_veh3_2_1_, ticketparq1_.placa as placa5_1_3_, ticketparq1_.id as id1_1_3_, ticketparq1_.id as id1_1_0_, ticketparq1_.fecha_ingreso as fecha_in2_1_0_, ticketparq1_.fecha_salida as fecha_sa3_1_0_, ticketparq1_.valor as valor4_1_0_, ticketparq1_.placa as placa5_1_0_ from vehiculo vehiculoen0_ left outer join ticket_parqueadero ticketparq1_ on vehiculoen0_.placa=ticketparq1_.placa where vehiculoen0_.placa=?
Hibernate: update ticket_parqueadero set fecha_ingreso=?, fecha_salida=?, valor=?, placa=? where id=?
Hibernate: select vehiculoen0_.placa as placa1_2_0_, vehiculoen0_.cilindraje as cilindra2_2_0_, vehiculoen0_.tipo_vehiculo as tipo_veh3_2_0_ from vehiculo vehiculoen0_ where vehiculoen0_.placa=?
Hibernate: SELECT COUNT(*) FROM ticket_parqueadero t  WHERE t.placa=? AND t.fecha_salida IS NULL
Hibernate: SELECT * FROM ticket_parqueadero t  WHERE t.placa=? AND t.fecha_salida IS NULL
Hibernate: select vehiculoen0_.placa as placa1_2_0_, vehiculoen0_.cilindraje as cilindra2_2_0_, vehiculoen0_.tipo_vehiculo as tipo_veh3_2_0_ from vehiculo vehiculoen0_ where vehiculoen0_.placa=?
Hibernate: select tarifaenti0_.tipo_tarifa as tipo_tar1_0_0_, tarifaenti0_.tipo_vehiculo as tipo_veh2_0_0_, tarifaenti0_.unidad_tiempo as unidad_t3_0_0_, tarifaenti0_.valor as valor4_0_0_ from tarifa tarifaenti0_ where tarifaenti0_.tipo_tarifa=? and tarifaenti0_.tipo_vehiculo=? and tarifaenti0_.unidad_tiempo=?
Hibernate: select tarifaenti0_.tipo_tarifa as tipo_tar1_0_0_, tarifaenti0_.tipo_vehiculo as tipo_veh2_0_0_, tarifaenti0_.unidad_tiempo as unidad_t3_0_0_, tarifaenti0_.valor as valor4_0_0_ from tarifa tarifaenti0_ where tarifaenti0_.tipo_tarifa=? and tarifaenti0_.tipo_vehiculo=? and tarifaenti0_.unidad_tiempo=?
Hibernate: SELECT * FROM ticket_parqueadero t  WHERE t.placa=? AND t.fecha_salida IS NULL
Hibernate: select vehiculoen0_.placa as placa1_2_0_, vehiculoen0_.cilindraje as cilindra2_2_0_, vehiculoen0_.tipo_vehiculo as tipo_veh3_2_0_ from vehiculo vehiculoen0_ where vehiculoen0_.placa=?
Hibernate: select ticketparq0_.id as id1_1_0_, ticketparq0_.fecha_ingreso as fecha_in2_1_0_, ticketparq0_.fecha_salida as fecha_sa3_1_0_, ticketparq0_.valor as valor4_1_0_, ticketparq0_.placa as placa5_1_0_ from ticket_parqueadero ticketparq0_ where ticketparq0_.id=?
Hibernate: select vehiculoen0_.placa as placa1_2_1_, vehiculoen0_.cilindraje as cilindra2_2_1_, vehiculoen0_.tipo_vehiculo as tipo_veh3_2_1_, ticketparq1_.placa as placa5_1_3_, ticketparq1_.id as id1_1_3_, ticketparq1_.id as id1_1_0_, ticketparq1_.fecha_ingreso as fecha_in2_1_0_, ticketparq1_.fecha_salida as fecha_sa3_1_0_, ticketparq1_.valor as valor4_1_0_, ticketparq1_.placa as placa5_1_0_ from vehiculo vehiculoen0_ left outer join ticket_parqueadero ticketparq1_ on vehiculoen0_.placa=ticketparq1_.placa where vehiculoen0_.placa=?
Hibernate: update ticket_parqueadero set fecha_ingreso=?, fecha_salida=?, valor=?, placa=? where id=?
Hibernate: select vehiculoen0_.placa as placa1_2_0_, vehiculoen0_.cilindraje as cilindra2_2_0_, vehiculoen0_.tipo_vehiculo as tipo_veh3_2_0_ from vehiculo vehiculoen0_ where vehiculoen0_.placa=?
Hibernate: SELECT COUNT(*) FROM ticket_parqueadero t  WHERE t.placa=? AND t.fecha_salida IS NULL
Hibernate: SELECT * FROM ticket_parqueadero t  WHERE t.placa=? AND t.fecha_salida IS NULL
Hibernate: select vehiculoen0_.placa as placa1_2_0_, vehiculoen0_.cilindraje as cilindra2_2_0_, vehiculoen0_.tipo_vehiculo as tipo_veh3_2_0_ from vehiculo vehiculoen0_ where vehiculoen0_.placa=?
Hibernate: select tarifaenti0_.tipo_tarifa as tipo_tar1_0_0_, tarifaenti0_.tipo_vehiculo as tipo_veh2_0_0_, tarifaenti0_.unidad_tiempo as unidad_t3_0_0_, tarifaenti0_.valor as valor4_0_0_ from tarifa tarifaenti0_ where tarifaenti0_.tipo_tarifa=? and tarifaenti0_.tipo_vehiculo=? and tarifaenti0_.unidad_tiempo=?
Hibernate: select tarifaenti0_.tipo_tarifa as tipo_tar1_0_0_, tarifaenti0_.tipo_vehiculo as tipo_veh2_0_0_, tarifaenti0_.unidad_tiempo as unidad_t3_0_0_, tarifaenti0_.valor as valor4_0_0_ from tarifa tarifaenti0_ where tarifaenti0_.tipo_tarifa=? and tarifaenti0_.tipo_vehiculo=? and tarifaenti0_.unidad_tiempo=?
Hibernate: SELECT * FROM ticket_parqueadero t  WHERE t.placa=? AND t.fecha_salida IS NULL
Hibernate: select vehiculoen0_.placa as placa1_2_0_, vehiculoen0_.cilindraje as cilindra2_2_0_, vehiculoen0_.tipo_vehiculo as tipo_veh3_2_0_ from vehiculo vehiculoen0_ where vehiculoen0_.placa=?
Hibernate: select ticketparq0_.id as id1_1_0_, ticketparq0_.fecha_ingreso as fecha_in2_1_0_, ticketparq0_.fecha_salida as fecha_sa3_1_0_, ticketparq0_.valor as valor4_1_0_, ticketparq0_.placa as placa5_1_0_ from ticket_parqueadero ticketparq0_ where ticketparq0_.id=?
Hibernate: select vehiculoen0_.placa as placa1_2_1_, vehiculoen0_.cilindraje as cilindra2_2_1_, vehiculoen0_.tipo_vehiculo as tipo_veh3_2_1_, ticketparq1_.placa as placa5_1_3_, ticketparq1_.id as id1_1_3_, ticketparq1_.id as id1_1_0_, ticketparq1_.fecha_ingreso as fecha_in2_1_0_, ticketparq1_.fecha_salida as fecha_sa3_1_0_, ticketparq1_.valor as valor4_1_0_, ticketparq1_.placa as placa5_1_0_ from vehiculo vehiculoen0_ left outer join ticket_parqueadero ticketparq1_ on vehiculoen0_.placa=ticketparq1_.placa where vehiculoen0_.placa=?
Hibernate: update ticket_parqueadero set fecha_ingreso=?, fecha_salida=?, valor=?, placa=? where id=?
Hibernate: select vehiculoen0_.placa as placa1_2_0_, vehiculoen0_.cilindraje as cilindra2_2_0_, vehiculoen0_.tipo_vehiculo as tipo_veh3_2_0_ from vehiculo vehiculoen0_ where vehiculoen0_.placa=?
Hibernate: SELECT COUNT(*) FROM ticket_parqueadero t  WHERE t.placa=? AND t.fecha_salida IS NULL
Hibernate: SELECT * FROM ticket_parqueadero t  WHERE t.placa=? AND t.fecha_salida IS NULL
Hibernate: select vehiculoen0_.placa as placa1_2_0_, vehiculoen0_.cilindraje as cilindra2_2_0_, vehiculoen0_.tipo_vehiculo as tipo_veh3_2_0_ from vehiculo vehiculoen0_ where vehiculoen0_.placa=?
Hibernate: select tarifaenti0_.tipo_tarifa as tipo_tar1_0_0_, tarifaenti0_.tipo_vehiculo as tipo_veh2_0_0_, tarifaenti0_.unidad_tiempo as unidad_t3_0_0_, tarifaenti0_.valor as valor4_0_0_ from tarifa tarifaenti0_ where tarifaenti0_.tipo_tarifa=? and tarifaenti0_.tipo_vehiculo=? and tarifaenti0_.unidad_tiempo=?
Hibernate: select tarifaenti0_.tipo_tarifa as tipo_tar1_0_0_, tarifaenti0_.tipo_vehiculo as tipo_veh2_0_0_, tarifaenti0_.unidad_tiempo as unidad_t3_0_0_, tarifaenti0_.valor as valor4_0_0_ from tarifa tarifaenti0_ where tarifaenti0_.tipo_tarifa=? and tarifaenti0_.tipo_vehiculo=? and tarifaenti0_.unidad_tiempo=?
Hibernate: SELECT * FROM ticket_parqueadero t  WHERE t.placa=? AND t.fecha_salida IS NULL
Hibernate: select vehiculoen0_.placa as placa1_2_0_, vehiculoen0_.cilindraje as cilindra2_2_0_, vehiculoen0_.tipo_vehiculo as tipo_veh3_2_0_ from vehiculo vehiculoen0_ where vehiculoen0_.placa=?
Hibernate: select ticketparq0_.id as id1_1_0_, ticketparq0_.fecha_ingreso as fecha_in2_1_0_, ticketparq0_.fecha_salida as fecha_sa3_1_0_, ticketparq0_.valor as valor4_1_0_, ticketparq0_.placa as placa5_1_0_ from ticket_parqueadero ticketparq0_ where ticketparq0_.id=?
Hibernate: select vehiculoen0_.placa as placa1_2_1_, vehiculoen0_.cilindraje as cilindra2_2_1_, vehiculoen0_.tipo_vehiculo as tipo_veh3_2_1_, ticketparq1_.placa as placa5_1_3_, ticketparq1_.id as id1_1_3_, ticketparq1_.id as id1_1_0_, ticketparq1_.fecha_ingreso as fecha_in2_1_0_, ticketparq1_.fecha_salida as fecha_sa3_1_0_, ticketparq1_.valor as valor4_1_0_, ticketparq1_.placa as placa5_1_0_ from vehiculo vehiculoen0_ left outer join ticket_parqueadero ticketparq1_ on vehiculoen0_.placa=ticketparq1_.placa where vehiculoen0_.placa=?
Hibernate: update ticket_parqueadero set fecha_ingreso=?, fecha_salida=?, valor=?, placa=? where id=?
Hibernate: select vehiculoen0_.placa as placa1_2_0_, vehiculoen0_.cilindraje as cilindra2_2_0_, vehiculoen0_.tipo_vehiculo as tipo_veh3_2_0_ from vehiculo vehiculoen0_ where vehiculoen0_.placa=?
Hibernate: SELECT COUNT(*) FROM ticket_parqueadero t  WHERE t.placa=? AND t.fecha_salida IS NULL
Hibernate: SELECT * FROM ticket_parqueadero t  WHERE t.placa=? AND t.fecha_salida IS NULL
Hibernate: select vehiculoen0_.placa as placa1_2_0_, vehiculoen0_.cilindraje as cilindra2_2_0_, vehiculoen0_.tipo_vehiculo as tipo_veh3_2_0_ from vehiculo vehiculoen0_ where vehiculoen0_.placa=?
Hibernate: select tarifaenti0_.tipo_tarifa as tipo_tar1_0_0_, tarifaenti0_.tipo_vehiculo as tipo_veh2_0_0_, tarifaenti0_.unidad_tiempo as unidad_t3_0_0_, tarifaenti0_.valor as valor4_0_0_ from tarifa tarifaenti0_ where tarifaenti0_.tipo_tarifa=? and tarifaenti0_.tipo_vehiculo=? and tarifaenti0_.unidad_tiempo=?
Hibernate: select tarifaenti0_.tipo_tarifa as tipo_tar1_0_0_, tarifaenti0_.tipo_vehiculo as tipo_veh2_0_0_, tarifaenti0_.unidad_tiempo as unidad_t3_0_0_, tarifaenti0_.valor as valor4_0_0_ from tarifa tarifaenti0_ where tarifaenti0_.tipo_tarifa=? and tarifaenti0_.tipo_vehiculo=? and tarifaenti0_.unidad_tiempo=?
Hibernate: SELECT * FROM ticket_parqueadero t  WHERE t.placa=? AND t.fecha_salida IS NULL
Hibernate: select vehiculoen0_.placa as placa1_2_0_, vehiculoen0_.cilindraje as cilindra2_2_0_, vehiculoen0_.tipo_vehiculo as tipo_veh3_2_0_ from vehiculo vehiculoen0_ where vehiculoen0_.placa=?
Hibernate: select ticketparq0_.id as id1_1_0_, ticketparq0_.fecha_ingreso as fecha_in2_1_0_, ticketparq0_.fecha_salida as fecha_sa3_1_0_, ticketparq0_.valor as valor4_1_0_, ticketparq0_.placa as placa5_1_0_ from ticket_parqueadero ticketparq0_ where ticketparq0_.id=?
Hibernate: select vehiculoen0_.placa as placa1_2_1_, vehiculoen0_.cilindraje as cilindra2_2_1_, vehiculoen0_.tipo_vehiculo as tipo_veh3_2_1_, ticketparq1_.placa as placa5_1_3_, ticketparq1_.id as id1_1_3_, ticketparq1_.id as id1_1_0_, ticketparq1_.fecha_ingreso as fecha_in2_1_0_, ticketparq1_.fecha_salida as fecha_sa3_1_0_, ticketparq1_.valor as valor4_1_0_, ticketparq1_.placa as placa5_1_0_ from vehiculo vehiculoen0_ left outer join ticket_parqueadero ticketparq1_ on vehiculoen0_.placa=ticketparq1_.placa where vehiculoen0_.placa=?
Hibernate: update ticket_parqueadero set fecha_ingreso=?, fecha_salida=?, valor=?, placa=? where id=?
Hibernate: select vehiculoen0_.placa as placa1_2_0_, vehiculoen0_.cilindraje as cilindra2_2_0_, vehiculoen0_.tipo_vehiculo as tipo_veh3_2_0_ from vehiculo vehiculoen0_ where vehiculoen0_.placa=?
Hibernate: SELECT COUNT(*) FROM ticket_parqueadero t  WHERE t.placa=? AND t.fecha_salida IS NULL
Hibernate: SELECT * FROM ticket_parqueadero t  WHERE t.placa=? AND t.fecha_salida IS NULL
Hibernate: select vehiculoen0_.placa as placa1_2_0_, vehiculoen0_.cilindraje as cilindra2_2_0_, vehiculoen0_.tipo_vehiculo as tipo_veh3_2_0_ from vehiculo vehiculoen0_ where vehiculoen0_.placa=?
Hibernate: select tarifaenti0_.tipo_tarifa as tipo_tar1_0_0_, tarifaenti0_.tipo_vehiculo as tipo_veh2_0_0_, tarifaenti0_.unidad_tiempo as unidad_t3_0_0_, tarifaenti0_.valor as valor4_0_0_ from tarifa tarifaenti0_ where tarifaenti0_.tipo_tarifa=? and tarifaenti0_.tipo_vehiculo=? and tarifaenti0_.unidad_tiempo=?
Hibernate: select tarifaenti0_.tipo_tarifa as tipo_tar1_0_0_, tarifaenti0_.tipo_vehiculo as tipo_veh2_0_0_, tarifaenti0_.unidad_tiempo as unidad_t3_0_0_, tarifaenti0_.valor as valor4_0_0_ from tarifa tarifaenti0_ where tarifaenti0_.tipo_tarifa=? and tarifaenti0_.tipo_vehiculo=? and tarifaenti0_.unidad_tiempo=?
Hibernate: SELECT * FROM ticket_parqueadero t  WHERE t.placa=? AND t.fecha_salida IS NULL
Hibernate: select vehiculoen0_.placa as placa1_2_0_, vehiculoen0_.cilindraje as cilindra2_2_0_, vehiculoen0_.tipo_vehiculo as tipo_veh3_2_0_ from vehiculo vehiculoen0_ where vehiculoen0_.placa=?
Hibernate: select ticketparq0_.id as id1_1_0_, ticketparq0_.fecha_ingreso as fecha_in2_1_0_, ticketparq0_.fecha_salida as fecha_sa3_1_0_, ticketparq0_.valor as valor4_1_0_, ticketparq0_.placa as placa5_1_0_ from ticket_parqueadero ticketparq0_ where ticketparq0_.id=?
Hibernate: select vehiculoen0_.placa as placa1_2_1_, vehiculoen0_.cilindraje as cilindra2_2_1_, vehiculoen0_.tipo_vehiculo as tipo_veh3_2_1_, ticketparq1_.placa as placa5_1_3_, ticketparq1_.id as id1_1_3_, ticketparq1_.id as id1_1_0_, ticketparq1_.fecha_ingreso as fecha_in2_1_0_, ticketparq1_.fecha_salida as fecha_sa3_1_0_, ticketparq1_.valor as valor4_1_0_, ticketparq1_.placa as placa5_1_0_ from vehiculo vehiculoen0_ left outer join ticket_parqueadero ticketparq1_ on vehiculoen0_.placa=ticketparq1_.placa where vehiculoen0_.placa=?
Hibernate: update ticket_parqueadero set fecha_ingreso=?, fecha_salida=?, valor=?, placa=? where id=?
Hibernate: SELECT COUNT(*) FROM ticket_parqueadero t JOIN vehiculo v ON t.placa=v.placa WHERE v.tipo_vehiculo=? AND t.fecha_salida IS NULL
Hibernate: select vehiculoen0_.placa as placa1_2_0_, vehiculoen0_.cilindraje as cilindra2_2_0_, vehiculoen0_.tipo_vehiculo as tipo_veh3_2_0_ from vehiculo vehiculoen0_ where vehiculoen0_.placa=?
Hibernate: SELECT COUNT(*) FROM ticket_parqueadero t  WHERE t.placa=? AND t.fecha_salida IS NULL
Hibernate: SELECT * FROM ticket_parqueadero t  WHERE t.placa=? AND t.fecha_salida IS NULL
Hibernate: select vehiculoen0_.placa as placa1_2_0_, vehiculoen0_.cilindraje as cilindra2_2_0_, vehiculoen0_.tipo_vehiculo as tipo_veh3_2_0_ from vehiculo vehiculoen0_ where vehiculoen0_.placa=?
Hibernate: select tarifaenti0_.tipo_tarifa as tipo_tar1_0_0_, tarifaenti0_.tipo_vehiculo as tipo_veh2_0_0_, tarifaenti0_.unidad_tiempo as unidad_t3_0_0_, tarifaenti0_.valor as valor4_0_0_ from tarifa tarifaenti0_ where tarifaenti0_.tipo_tarifa=? and tarifaenti0_.tipo_vehiculo=? and tarifaenti0_.unidad_tiempo=?
Hibernate: select tarifaenti0_.tipo_tarifa as tipo_tar1_0_0_, tarifaenti0_.tipo_vehiculo as tipo_veh2_0_0_, tarifaenti0_.unidad_tiempo as unidad_t3_0_0_, tarifaenti0_.valor as valor4_0_0_ from tarifa tarifaenti0_ where tarifaenti0_.tipo_tarifa=? and tarifaenti0_.tipo_vehiculo=? and tarifaenti0_.unidad_tiempo=?
Hibernate: SELECT * FROM ticket_parqueadero t  WHERE t.placa=? AND t.fecha_salida IS NULL
Hibernate: select vehiculoen0_.placa as placa1_2_0_, vehiculoen0_.cilindraje as cilindra2_2_0_, vehiculoen0_.tipo_vehiculo as tipo_veh3_2_0_ from vehiculo vehiculoen0_ where vehiculoen0_.placa=?
Hibernate: select ticketparq0_.id as id1_1_0_, ticketparq0_.fecha_ingreso as fecha_in2_1_0_, ticketparq0_.fecha_salida as fecha_sa3_1_0_, ticketparq0_.valor as valor4_1_0_, ticketparq0_.placa as placa5_1_0_ from ticket_parqueadero ticketparq0_ where ticketparq0_.id=?
[...]
Hibernate: select tarifaenti0_.tipo_tarifa as tipo_tar1_0_0_, tarifaenti0_.tipo_vehiculo as tipo_veh2_0_0_, tarifaenti0_.unidad_tiempo as unidad_t3_0_0_, tarifaenti0_.valor as valor4_0_0_ from tarifa tarifaenti0_ where tarifaenti0_.tipo_tarifa=? and tarifaenti0_.tipo_vehiculo=? and tarifaenti0_.unidad_tiempo=?
Hibernate: SELECT * FROM ticket_parqueadero t  WHERE t.placa=? AND t.fecha_salida IS NULL
Hibernate: select vehiculoen0_.placa as placa1_2_0_, vehiculoen0_.cilindraje as cilindra2_2_0_, vehiculoen0_.tipo_vehiculo as tipo_veh3_2_0_ from vehiculo vehiculoen0_ where vehiculoen0_.placa=?
Hibernate: select ticketparq0_.id as id1_1_0_, ticketparq0_.fecha_ingreso as fecha_in2_1_0_, ticketparq0_.fecha_salida as fecha_sa3_1_0_, ticketparq0_.valor as valor4_1_0_, ticketparq0_.placa as placa5_1_0_ from ticket_parqueadero ticketparq0_ where ticketparq0_.id=?
Hibernate: select vehiculoen0_.placa as placa1_2_1_, vehiculoen0_.cilindraje as cilindra2_2_1_, vehiculoen0_.tipo_vehiculo as tipo_veh3_2_1_, ticketparq1_.placa as placa5_1_3_, ticketparq1_.id as id1_1_3_, ticketparq1_.id as id1_1_0_, ticketparq1_.fecha_ingreso as fecha_in2_1_0_, ticketparq1_.fecha_salida as fecha_sa3_1_0_, ticketparq1_.valor as valor4_1_0_, ticketparq1_.placa as placa5_1_0_ from vehiculo vehiculoen0_ left outer join ticket_parqueadero ticketparq1_ on vehiculoen0_.placa=ticketparq1_.placa where vehiculoen0_.placa=?
Hibernate: update ticket_parqueadero set fecha_ingreso=?, fecha_salida=?, valor=?, placa=? where id=?
Hibernate: select vehiculoen0_.placa as placa1_2_0_, vehiculoen0_.cilindraje as cilindra2_2_0_, vehiculoen0_.tipo_vehiculo as tipo_veh3_2_0_ from vehiculo vehiculoen0_ where vehiculoen0_.placa=?
Hibernate: SELECT COUNT(*) FROM ticket_parqueadero t  WHERE t.placa=? AND t.fecha_salida IS NULL
Hibernate: SELECT * FROM ticket_parqueadero t  WHERE t.placa=? AND t.fecha_salida IS NULL
Hibernate: select vehiculoen0_.placa as placa1_2_0_, vehiculoen0_.cilindraje as cilindra2_2_0_, vehiculoen0_.tipo_vehiculo as tipo_veh3_2_0_ from vehiculo vehiculoen0_ where vehiculoen0_.placa=?
Hibernate: select tarifaenti0_.tipo_tarifa as tipo_tar1_0_0_, tarifaenti0_.tipo_vehiculo as tipo_veh2_0_0_, tarifaenti0_.unidad_tiempo as unidad_t3_0_0_, tarifaenti0_.valor as valor4_0_0_ from tarifa tarifaenti0_ where tarifaenti0_.tipo_tarifa=? and tarifaenti0_.tipo_vehiculo=? and tarifaenti0_.unidad_tiempo=?
Hibernate: select tarifaenti0_.tipo_tarifa as tipo_tar1_0_0_, tarifaenti0_.tipo_vehiculo as tipo_veh2_0_0_, tarifaenti0_.unidad_tiempo as unidad_t3_0_0_, tarifaenti0_.valor as valor4_0_0_ from tarifa tarifaenti0_ where tarifaenti0_.tipo_tarifa=? and tarifaenti0_.tipo_vehiculo=? and tarifaenti0_.unidad_tiempo=?
Hibernate: SELECT * FROM ticket_parqueadero t  WHERE t.placa=? AND t.fecha_salida IS NULL
Hibernate: select vehiculoen0_.placa as placa1_2_0_, vehiculoen0_.cilindraje as cilindra2_2_0_, vehiculoen0_.tipo_vehiculo as tipo_veh3_2_0_ from vehiculo vehiculoen0_ where vehiculoen0_.placa=?
Hibernate: select ticketparq0_.id as id1_1_0_, ticketparq0_.fecha_ingreso as fecha_in2_1_0_, ticketparq0_.fecha_salida as fecha_sa3_1_0_, ticketparq0_.valor as valor4_1_0_, ticketparq0_.placa as placa5_1_0_ from ticket_parqueadero ticketparq0_ where ticketparq0_.id=?
Hibernate: select vehiculoen0_.placa as placa1_2_1_, vehiculoen0_.cilindraje as cilindra2_2_1_, vehiculoen0_.tipo_vehiculo as tipo_veh3_2_1_, ticketparq1_.placa as placa5_1_3_, ticketparq1_.id as id1_1_3_, ticketparq1_.id as id1_1_0_, ticketparq1_.fecha_ingreso as fecha_in2_1_0_, ticketparq1_.fecha_salida as fecha_sa3_1_0_, ticketparq1_.valor as valor4_1_0_, ticketparq1_.placa as placa5_1_0_ from vehiculo vehiculoen0_ left outer join ticket_parqueadero ticketparq1_ on vehiculoen0_.placa=ticketparq1_.placa where vehiculoen0_.placa=?
Hibernate: update ticket_parqueadero set fecha_ingreso=?, fecha_salida=?, valor=?, placa=? where id=?
Hibernate: select vehiculoen0_.placa as placa1_2_0_, vehiculoen0_.cilindraje as cilindra2_2_0_, vehiculoen0_.tipo_vehiculo as tipo_veh3_2_0_ from vehiculo vehiculoen0_ where vehiculoen0_.placa=?
Hibernate: SELECT COUNT(*) FROM ticket_parqueadero t  WHERE t.placa=? AND t.fecha_salida IS NULL
Hibernate: SELECT * FROM ticket_parqueadero t  WHERE t.placa=? AND t.fecha_salida IS NULL
Hibernate: select vehiculoen0_.placa as placa1_2_0_, vehiculoen0_.cilindraje as cilindra2_2_0_, vehiculoen0_.tipo_vehiculo as tipo_veh3_2_0_ from vehiculo vehiculoen0_ where vehiculoen0_.placa=?
Hibernate: select tarifaenti0_.tipo_tarifa as tipo_tar1_0_0_, tarifaenti0_.tipo_vehiculo as tipo_veh2_0_0_, tarifaenti0_.unidad_tiempo as unidad_t3_0_0_, tarifaenti0_.valor as valor4_0_0_ from tarifa tarifaenti0_ where tarifaenti0_.tipo_tarifa=? and tarifaenti0_.tipo_vehiculo=? and tarifaenti0_.unidad_tiempo=?
Hibernate: select tarifaenti0_.tipo_tarifa as tipo_tar1_0_0_, tarifaenti0_.tipo_vehiculo as tipo_veh2_0_0_, tarifaenti0_.unidad_tiempo as unidad_t3_0_0_, tarifaenti0_.valor as valor4_0_0_ from tarifa tarifaenti0_ where tarifaenti0_.tipo_tarifa=? and tarifaenti0_.tipo_vehiculo=? and tarifaenti0_.unidad_tiempo=?
Hibernate: SELECT * FROM ticket_parqueadero t  WHERE t.placa=? AND t.fecha_salida IS NULL
Hibernate: select vehiculoen0_.placa as placa1_2_0_, vehiculoen0_.cilindraje as cilindra2_2_0_, vehiculoen0_.tipo_vehiculo as tipo_veh3_2_0_ from vehiculo vehiculoen0_ where vehiculoen0_.placa=?
Hibernate: select ticketparq0_.id as id1_1_0_, ticketparq0_.fecha_ingreso as fecha_in2_1_0_, ticketparq0_.fecha_salida as fecha_sa3_1_0_, ticketparq0_.valor as valor4_1_0_, ticketparq0_.placa as placa5_1_0_ from ticket_parqueadero ticketparq0_ where ticketparq0_.id=?
Hibernate: select vehiculoen0_.placa as placa1_2_1_, vehiculoen0_.cilindraje as cilindra2_2_1_, vehiculoen0_.tipo_vehiculo as tipo_veh3_2_1_, ticketparq1_.placa as placa5_1_3_, ticketparq1_.id as id1_1_3_, ticketparq1_.id as id1_1_0_, ticketparq1_.fecha_ingreso as fecha_in2_1_0_, ticketparq1_.fecha_salida as fecha_sa3_1_0_, ticketparq1_.valor as valor4_1_0_, ticketparq1_.placa as placa5_1_0_ from vehiculo vehiculoen0_ left outer join ticket_parqueadero ticketparq1_ on vehiculoen0_.placa=ticketparq1_.placa where vehiculoen0_.placa=?
Hibernate: update ticket_parqueadero set fecha_ingreso=?, fecha_salida=?, valor=?, placa=? where id=?
Hibernate: select vehiculoen0_.placa as placa1_2_0_, vehiculoen0_.cilindraje as cilindra2_2_0_, vehiculoen0_.tipo_vehiculo as tipo_veh3_2_0_ from vehiculo vehiculoen0_ where vehiculoen0_.placa=?
Hibernate: SELECT COUNT(*) FROM ticket_parqueadero t  WHERE t.placa=? AND t.fecha_salida IS NULL
Hibernate: SELECT * FROM ticket_parqueadero t  WHERE t.placa=? AND t.fecha_salida IS NULL
Hibernate: select vehiculoen0_.placa as placa1_2_0_, vehiculoen0_.cilindraje as cilindra2_2_0_, vehiculoen0_.tipo_vehiculo as tipo_veh3_2_0_ from vehiculo vehiculoen0_ where vehiculoen0_.placa=?
Hibernate: select tarifaenti0_.tipo_tarifa as tipo_tar1_0_0_, tarifaenti0_.tipo_vehiculo as tipo_veh2_0_0_, tarifaenti0_.unidad_tiempo as unidad_t3_0_0_, tarifaenti0_.valor as valor4_0_0_ from tarifa tarifaenti0_ where tarifaenti0_.tipo_tarifa=? and tarifaenti0_.tipo_vehiculo=? and tarifaenti0_.unidad_tiempo=?
Hibernate: select tarifaenti0_.tipo_tarifa as tipo_tar1_0_0_, tarifaenti0_.tipo_vehiculo as tipo_veh2_0_0_, tarifaenti0_.unidad_tiempo as unidad_t3_0_0_, tarifaenti0_.valor as valor4_0_0_ from tarifa tarifaenti0_ where tarifaenti0_.tipo_tarifa=? and tarifaenti0_.tipo_vehiculo=? and tarifaenti0_.unidad_tiempo=?
Hibernate: SELECT * FROM ticket_parqueadero t  WHERE t.placa=? AND t.fecha_salida IS NULL
Hibernate: select vehiculoen0_.placa as placa1_2_0_, vehiculoen0_.cilindraje as cilindra2_2_0_, vehiculoen0_.tipo_vehiculo as tipo_veh3_2_0_ from vehiculo vehiculoen0_ where vehiculoen0_.placa=?
Hibernate: select ticketparq0_.id as id1_1_0_, ticketparq0_.fecha_ingreso as fecha_in2_1_0_, ticketparq0_.fecha_salida as fecha_sa3_1_0_, ticketparq0_.valor as valor4_1_0_, ticketparq0_.placa as placa5_1_0_ from ticket_parqueadero ticketparq0_ where ticketparq0_.id=?
Hibernate: select vehiculoen0_.placa as placa1_2_1_, vehiculoen0_.cilindraje as cilindra2_2_1_, vehiculoen0_.tipo_vehiculo as tipo_veh3_2_1_, ticketparq1_.placa as placa5_1_3_, ticketparq1_.id as id1_1_3_, ticketparq1_.id as id1_1_0_, ticketparq1_.fecha_ingreso as fecha_in2_1_0_, ticketparq1_.fecha_salida as fecha_sa3_1_0_, ticketparq1_.valor as valor4_1_0_, ticketparq1_.placa as placa5_1_0_ from vehiculo vehiculoen0_ left outer join ticket_parqueadero ticketparq1_ on vehiculoen0_.placa=ticketparq1_.placa where vehiculoen0_.placa=?
Hibernate: update ticket_parqueadero set fecha_ingreso=?, fecha_salida=?, valor=?, placa=? where id=?
Hibernate: select vehiculoen0_.placa as placa1_2_0_, vehiculoen0_.cilindraje as cilindra2_2_0_, vehiculoen0_.tipo_vehiculo as tipo_veh3_2_0_ from vehiculo vehiculoen0_ where vehiculoen0_.placa=?
Hibernate: SELECT COUNT(*) FROM ticket_parqueadero t  WHERE t.placa=? AND t.fecha_salida IS NULL
Hibernate: SELECT * FROM ticket_parqueadero t  WHERE t.placa=? AND t.fecha_salida IS NULL
Hibernate: select vehiculoen0_.placa as placa1_2_0_, vehiculoen0_.cilindraje as cilindra2_2_0_, vehiculoen0_.tipo_vehiculo as tipo_veh3_2_0_ from vehiculo vehiculoen0_ where vehiculoen0_.placa=?
Hibernate: select tarifaenti0_.tipo_tarifa as tipo_tar1_0_0_, tarifaenti0_.tipo_vehiculo as tipo_veh2_0_0_, tarifaenti0_.unidad_tiempo as unidad_t3_0_0_, tarifaenti0_.valor as valor4_0_0_ from tarifa tarifaenti0_ where tarifaenti0_.tipo_tarifa=? and tarifaenti0_.tipo_vehiculo=? and tarifaenti0_.unidad_tiempo=?
Hibernate: select tarifaenti0_.tipo_tarifa as tipo_tar1_0_0_, tarifaenti0_.tipo_vehiculo as tipo_veh2_0_0_, tarifaenti0_.unidad_tiempo as unidad_t3_0_0_, tarifaenti0_.valor as valor4_0_0_ from tarifa tarifaenti0_ where tarifaenti0_.tipo_tarifa=? and tarifaenti0_.tipo_vehiculo=? and tarifaenti0_.unidad_tiempo=?
Hibernate: SELECT * FROM ticket_parqueadero t  WHERE t.placa=? AND t.fecha_salida IS NULL
Hibernate: select vehiculoen0_.placa as placa1_2_0_, vehiculoen0_.cilindraje as cilindra2_2_0_, vehiculoen0_.tipo_vehiculo as tipo_veh3_2_0_ from vehiculo vehiculoen0_ where vehiculoen0_.placa=?
Hibernate: select ticketparq0_.id as id1_1_0_, ticketparq0_.fecha_ingreso as fecha_in2_1_0_, ticketparq0_.fecha_salida as fecha_sa3_1_0_, ticketparq0_.valor as valor4_1_0_, ticketparq0_.placa as placa5_1_0_ from ticket_parqueadero ticketparq0_ where ticketparq0_.id=?
Hibernate: select vehiculoen0_.placa as placa1_2_1_, vehiculoen0_.cilindraje as cilindra2_2_1_, vehiculoen0_.tipo_vehiculo as tipo_veh3_2_1_, ticketparq1_.placa as placa5_1_3_, ticketparq1_.id as id1_1_3_, ticketparq1_.id as id1_1_0_, ticketparq1_.fecha_ingreso as fecha_in2_1_0_, ticketparq1_.fecha_salida as fecha_sa3_1_0_, ticketparq1_.valor as valor4_1_0_, ticketparq1_.placa as placa5_1_0_ from vehiculo vehiculoen0_ left outer join ticket_parqueadero ticketparq1_ on vehiculoen0_.placa=ticketparq1_.placa where vehiculoen0_.placa=?
Hibernate: update ticket_parqueadero set fecha_ingreso=?, fecha_salida=?, valor=?, placa=? where id=?
Hibernate: select vehiculoen0_.placa as placa1_2_0_, vehiculoen0_.cilindraje as cilindra2_2_0_, vehiculoen0_.tipo_vehiculo as tipo_veh3_2_0_ from vehiculo vehiculoen0_ where vehiculoen0_.placa=?
Hibernate: SELECT COUNT(*) FROM ticket_parqueadero t  WHERE t.placa=? AND t.fecha_salida IS NULL
Hibernate: SELECT * FROM ticket_parqueadero t  WHERE t.placa=? AND t.fecha_salida IS NULL
Hibernate: select vehiculoen0_.placa as placa1_2_0_, vehiculoen0_.cilindraje as cilindra2_2_0_, vehiculoen0_.tipo_vehiculo as tipo_veh3_2_0_ from vehiculo vehiculoen0_ where vehiculoen0_.placa=?
Hibernate: select tarifaenti0_.tipo_tarifa as tipo_tar1_0_0_, tarifaenti0_.tipo_vehiculo as tipo_veh2_0_0_, tarifaenti0_.unidad_tiempo as unidad_t3_0_0_, tarifaenti0_.valor as valor4_0_0_ from tarifa tarifaenti0_ where tarifaenti0_.tipo_tarifa=? and tarifaenti0_.tipo_vehiculo=? and tarifaenti0_.unidad_tiempo=?
Hibernate: select tarifaenti0_.tipo_tarifa as tipo_tar1_0_0_, tarifaenti0_.tipo_vehiculo as tipo_veh2_0_0_, tarifaenti0_.unidad_tiempo as unidad_t3_0_0_, tarifaenti0_.valor as valor4_0_0_ from tarifa tarifaenti0_ where tarifaenti0_.tipo_tarifa=? and tarifaenti0_.tipo_vehiculo=? and tarifaenti0_.unidad_tiempo=?
Hibernate: SELECT * FROM ticket_parqueadero t  WHERE t.placa=? AND t.fecha_salida IS NULL
Hibernate: select vehiculoen0_.placa as placa1_2_0_, vehiculoen0_.cilindraje as cilindra2_2_0_, vehiculoen0_.tipo_vehiculo as tipo_veh3_2_0_ from vehiculo vehiculoen0_ where vehiculoen0_.placa=?
Hibernate: select ticketparq0_.id as id1_1_0_, ticketparq0_.fecha_ingreso as fecha_in2_1_0_, ticketparq0_.fecha_salida as fecha_sa3_1_0_, ticketparq0_.valor as valor4_1_0_, ticketparq0_.placa as placa5_1_0_ from ticket_parqueadero ticketparq0_ where ticketparq0_.id=?
Hibernate: select vehiculoen0_.placa as placa1_2_1_, vehiculoen0_.cilindraje as cilindra2_2_1_, vehiculoen0_.tipo_vehiculo as tipo_veh3_2_1_, ticketparq1_.placa as placa5_1_3_, ticketparq1_.id as id1_1_3_, ticketparq1_.id as id1_1_0_, ticketparq1_.fecha_ingreso as fecha_in2_1_0_, ticketparq1_.fecha_salida as fecha_sa3_1_0_, ticketparq1_.valor as valor4_1_0_, ticketparq1_.placa as placa5_1_0_ from vehiculo vehiculoen0_ left outer join ticket_parqueadero ticketparq1_ on vehiculoen0_.placa=ticketparq1_.placa where vehiculoen0_.placa=?
Hibernate: update ticket_parqueadero set fecha_ingreso=?, fecha_salida=?, valor=?, placa=? where id=?
Hibernate: select vehiculoen0_.placa as placa1_2_0_, vehiculoen0_.cilindraje as cilindra2_2_0_, vehiculoen0_.tipo_vehiculo as tipo_veh3_2_0_ from vehiculo vehiculoen0_ where vehiculoen0_.placa=?
Hibernate: SELECT COUNT(*) FROM ticket_parqueadero t  WHERE t.placa=? AND t.fecha_salida IS NULL
Hibernate: SELECT * FROM ticket_parqueadero t  WHERE t.placa=? AND t.fecha_salida IS NULL
Hibernate: select vehiculoen0_.placa as placa1_2_0_, vehiculoen0_.cilindraje as cilindra2_2_0_, vehiculoen0_.tipo_vehiculo as tipo_veh3_2_0_ from vehiculo vehiculoen0_ where vehiculoen0_.placa=?
Hibernate: select tarifaenti0_.tipo_tarifa as tipo_tar1_0_0_, tarifaenti0_.tipo_vehiculo as tipo_veh2_0_0_, tarifaenti0_.unidad_tiempo as unidad_t3_0_0_, tarifaenti0_.valor as valor4_0_0_ from tarifa tarifaenti0_ where tarifaenti0_.tipo_tarifa=? and tarifaenti0_.tipo_vehiculo=? and tarifaenti0_.unidad_tiempo=?
Hibernate: select tarifaenti0_.tipo_tarifa as tipo_tar1_0_0_, tarifaenti0_.tipo_vehiculo as tipo_veh2_0_0_, tarifaenti0_.unidad_tiempo as unidad_t3_0_0_, tarifaenti0_.valor as valor4_0_0_ from tarifa tarifaenti0_ where tarifaenti0_.tipo_tarifa=? and tarifaenti0_.tipo_vehiculo=? and tarifaenti0_.unidad_tiempo=?
Hibernate: SELECT * FROM ticket_parqueadero t  WHERE t.placa=? AND t.fecha_salida IS NULL
Hibernate: select vehiculoen0_.placa as placa1_2_0_, vehiculoen0_.cilindraje as cilindra2_2_0_, vehiculoen0_.tipo_vehiculo as tipo_veh3_2_0_ from vehiculo vehiculoen0_ where vehiculoen0_.placa=?
Hibernate: select ticketparq0_.id as id1_1_0_, ticketparq0_.fecha_ingreso as fecha_in2_1_0_, ticketparq0_.fecha_salida as fecha_sa3_1_0_, ticketparq0_.valor as valor4_1_0_, ticketparq0_.placa as placa5_1_0_ from ticket_parqueadero ticketparq0_ where ticketparq0_.id=?
Hibernate: select vehiculoen0_.placa as placa1_2_1_, vehiculoen0_.cilindraje as cilindra2_2_1_, vehiculoen0_.tipo_vehiculo as tipo_veh3_2_1_, ticketparq1_.placa as placa5_1_3_, ticketparq1_.id as id1_1_3_, ticketparq1_.id as id1_1_0_, ticketparq1_.fecha_ingreso as fecha_in2_1_0_, ticketparq1_.fecha_salida as fecha_sa3_1_0_, ticketparq1_.valor as valor4_1_0_, ticketparq1_.placa as placa5_1_0_ from vehiculo vehiculoen0_ left outer join ticket_parqueadero ticketparq1_ on vehiculoen0_.placa=ticketparq1_.placa where vehiculoen0_.placa=?
Hibernate: update ticket_parqueadero set fecha_ingreso=?, fecha_salida=?, valor=?, placa=? where id=?
Hibernate: select vehiculoen0_.placa as placa1_2_0_, vehiculoen0_.cilindraje as cilindra2_2_0_, vehiculoen0_.tipo_vehiculo as tipo_veh3_2_0_ from vehiculo vehiculoen0_ where vehiculoen0_.placa=?
Hibernate: SELECT COUNT(*) FROM ticket_parqueadero t  WHERE t.placa=? AND t.fecha_salida IS NULL
Hibernate: SELECT * FROM ticket_parqueadero t  WHERE t.placa=? AND t.fecha_salida IS NULL
Hibernate: select vehiculoen0_.placa as placa1_2_0_, vehiculoen0_.cilindraje as cilindra2_2_0_, vehiculoen0_.tipo_vehiculo as tipo_veh3_2_0_ from vehiculo vehiculoen0_ where vehiculoen0_.placa=?
Hibernate: select tarifaenti0_.tipo_tarifa as tipo_tar1_0_0_, tarifaenti0_.tipo_vehiculo as tipo_veh2_0_0_, tarifaenti0_.unidad_tiempo as unidad_t3_0_0_, tarifaenti0_.valor as valor4_0_0_ from tarifa tarifaenti0_ where tarifaenti0_.tipo_tarifa=? and tarifaenti0_.tipo_vehiculo=? and tarifaenti0_.unidad_tiempo=?
Hibernate: select tarifaenti0_.tipo_tarifa as tipo_tar1_0_0_, tarifaenti0_.tipo_vehiculo as tipo_veh2_0_0_, tarifaenti0_.unidad_tiempo as unidad_t3_0_0_, tarifaenti0_.valor as valor4_0_0_ from tarifa tarifaenti0_ where tarifaenti0_.tipo_tarifa=? and tarifaenti0_.tipo_vehiculo=? and tarifaenti0_.unidad_tiempo=?
Hibernate: SELECT * FROM ticket_parqueadero t  WHERE t.placa=? AND t.fecha_salida IS NULL
Hibernate: select vehiculoen0_.placa as placa1_2_0_, vehiculoen0_.cilindraje as cilindra2_2_0_, vehiculoen0_.tipo_vehiculo as tipo_veh3_2_0_ from vehiculo vehiculoen0_ where vehiculoen0_.placa=?
Hibernate: select ticketparq0_.id as id1_1_0_, ticketparq0_.fecha_ingreso as fecha_in2_1_0_, ticketparq0_.fecha_salida as fecha_sa3_1_0_, ticketparq0_.valor as valor4_1_0_, ticketparq0_.placa as placa5_1_0_ from ticket_parqueadero ticketparq0_ where ticketparq0_.id=?
Hibernate: select vehiculoen0_.placa as placa1_2_1_, vehiculoen0_.cilindraje as cilindra2_2_1_, vehiculoen0_.tipo_vehiculo as tipo_veh3_2_1_, ticketparq1_.placa as placa5_1_3_, ticketparq1_.id as id1_1_3_, ticketparq1_.id as id1_1_0_, ticketparq1_.fecha_ingreso as fecha_in2_1_0_, ticketparq1_.fecha_salida as fecha_sa3_1_0_, ticketparq1_.valor as valor4_1_0_, ticketparq1_.placa as placa5_1_0_ from vehiculo vehiculoen0_ left outer join ticket_parqueadero ticketparq1_ on vehiculoen0_.placa=ticketparq1_.placa where vehiculoen0_.placa=?
Hibernate: update ticket_parqueadero set fecha_ingreso=?, fecha_salida=?, valor=?, placa=? where id=?
Hibernate: SELECT COUNT(*) FROM ticket_parqueadero t JOIN vehiculo v ON t.placa=v.placa WHERE v.tipo_vehiculo=? AND t.fecha_salida IS NULL
Hibernate: select tarifaenti0_.tipo_tarifa as tipo_tar1_0_0_, tarifaenti0_.tipo_vehiculo as tipo_veh2_0_0_, tarifaenti0_.unidad_tiempo as unidad_t3_0_0_, tarifaenti0_.valor as valor4_0_0_ from tarifa tarifaenti0_ where tarifaenti0_.tipo_tarifa=? and tarifaenti0_.tipo_vehiculo=? and tarifaenti0_.unidad_tiempo=?
Hibernate: select tarifaenti0_.tipo_tarifa as tipo_tar1_0_0_, tarifaenti0_.tipo_vehiculo as tipo_veh2_0_0_, tarifaenti0_.unidad_tiempo as unidad_t3_0_0_, tarifaenti0_.valor as valor4_0_0_ from tarifa tarifaenti0_ where tarifaenti0_.tipo_tarifa=? and tarifaenti0_.tipo_vehiculo=? and tarifaenti0_.unidad_tiempo=?
Hibernate: select tarifaenti0_.tipo_tarifa as tipo_tar1_0_0_, tarifaenti0_.tipo_vehiculo as tipo_veh2_0_0_, tarifaenti0_.unidad_tiempo as unidad_t3_0_0_, tarifaenti0_.valor as valor4_0_0_ from tarifa tarifaenti0_ where tarifaenti0_.tipo_tarifa=? and tarifaenti0_.tipo_vehiculo=? and tarifaenti0_.unidad_tiempo=?
Hibernate: select tarifaenti0_.tipo_tarifa as tipo_tar1_0_0_, tarifaenti0_.tipo_vehiculo as tipo_veh2_0_0_, tarifaenti0_.unidad_tiempo as unidad_t3_0_0_, tarifaenti0_.valor as valor4_0_0_ from tarifa tarifaenti0_ where tarifaenti0_.tipo_tarifa=? and tarifaenti0_.tipo_vehiculo=? and tarifaenti0_.unidad_tiempo=?
]]></system-out>
  <system-err><![CDATA[]]></system-err>
</testsuite>
